{"/data/sync/sync/src/app.ts": {"path":"/data/sync/sync/src/app.ts","statementMap":{"0":{"start":{"line":1,"column":0},"end":{"line":1,"column":37}},"1":{"start":{"line":2,"column":0},"end":{"line":2,"column":22}},"2":{"start":{"line":3,"column":15},"end":{"line":3,"column":38}},"3":{"start":{"line":4,"column":0},"end":{"line":4,"column":30}},"4":{"start":{"line":5,"column":0},"end":{"line":5,"column":29}},"5":{"start":{"line":8,"column":0},"end":{"line":8,"column":57}},"6":{"start":{"line":9,"column":0},"end":{"line":9,"column":36}},"7":{"start":{"line":10,"column":0},"end":{"line":10,"column":60}},"8":{"start":{"line":11,"column":0},"end":{"line":11,"column":51}},"9":{"start":{"line":12,"column":0},"end":{"line":12,"column":48}},"10":{"start":{"line":22,"column":24},"end":{"line":22,"column":30}},"11":{"start":{"line":29,"column":6},"end":{"line":39,"column":11}},"12":{"start":{"line":30,"column":9},"end":{"line":30,"column":30}},"13":{"start":{"line":31,"column":9},"end":{"line":31,"column":38}},"14":{"start":{"line":32,"column":9},"end":{"line":32,"column":38}},"15":{"start":{"line":33,"column":9},"end":{"line":33,"column":24}},"16":{"start":{"line":34,"column":9},"end":{"line":34,"column":27}},"17":{"start":{"line":35,"column":9},"end":{"line":35,"column":29}},"18":{"start":{"line":36,"column":9},"end":{"line":36,"column":26}},"19":{"start":{"line":37,"column":9},"end":{"line":37,"column":34}},"20":{"start":{"line":38,"column":9},"end":{"line":38,"column":34}},"21":{"start":{"line":43,"column":6},"end":{"line":43,"column":48}},"22":{"start":{"line":44,"column":31},"end":{"line":52,"column":null}},"23":{"start":{"line":47,"column":12},"end":{"line":51,"column":14}},"24":{"start":{"line":54,"column":6},"end":{"line":54,"column":35}},"25":{"start":{"line":55,"column":28},"end":{"line":55,"column":68}},"26":{"start":{"line":56,"column":6},"end":{"line":56,"column":67}},"27":{"start":{"line":56,"column":26},"end":{"line":56,"column":67}},"28":{"start":{"line":60,"column":6},"end":{"line":60,"column":22}},"29":{"start":{"line":64,"column":6},"end":{"line":72,"column":9}},"30":{"start":{"line":70,"column":9},"end":{"line":70,"column":30}},"31":{"start":{"line":71,"column":9},"end":{"line":71,"column":36}},"32":{"start":{"line":73,"column":6},"end":{"line":73,"column":38}},"33":{"start":{"line":74,"column":6},"end":{"line":74,"column":37}},"34":{"start":{"line":78,"column":6},"end":{"line":80,"column":9}},"35":{"start":{"line":79,"column":9},"end":{"line":79,"column":63}},"36":{"start":{"line":84,"column":6},"end":{"line":86,"column":9}},"37":{"start":{"line":85,"column":9},"end":{"line":85,"column":35}},"38":{"start":{"line":90,"column":6},"end":{"line":90,"column":22}},"39":{"start":{"line":94,"column":6},"end":{"line":94,"column":24}},"40":{"start":{"line":97,"column":6},"end":{"line":97,"column":27}},"41":{"start":{"line":101,"column":6},"end":{"line":101,"column":27}},"42":{"start":{"line":111,"column":17},"end":{"line":111,"column":53}},"43":{"start":{"line":112,"column":6},"end":{"line":112,"column":29}},"44":{"start":{"line":113,"column":6},"end":{"line":113,"column":26}},"45":{"start":{"line":114,"column":6},"end":{"line":114,"column":27}},"46":{"start":{"line":117,"column":0},"end":{"line":117,"column":19}}},"fnMap":{"0":{"name":"(anonymous_1)","decl":{"start":{"line":28,"column":3},"end":{"line":28,"column":null}},"loc":{"start":{"line":28,"column":3},"end":{"line":40,"column":4}}},"1":{"name":"(anonymous_2)","decl":{"start":{"line":29,"column":7},"end":{"line":29,"column":12}},"loc":{"start":{"line":29,"column":18},"end":{"line":39,"column":7}}},"2":{"name":"(anonymous_3)","decl":{"start":{"line":42,"column":10},"end":{"line":42,"column":16}},"loc":{"start":{"line":42,"column":16},"end":{"line":57,"column":4}}},"3":{"name":"(anonymous_4)","decl":{"start":{"line":46,"column":9},"end":{"line":46,"column":12}},"loc":{"start":{"line":46,"column":14},"end":{"line":52,"column":10}}},"4":{"name":"(anonymous_5)","decl":{"start":{"line":59,"column":10},"end":{"line":59,"column":19}},"loc":{"start":{"line":59,"column":19},"end":{"line":61,"column":4}}},"5":{"name":"(anonymous_6)","decl":{"start":{"line":63,"column":11},"end":{"line":63,"column":32}},"loc":{"start":{"line":63,"column":32},"end":{"line":75,"column":4}}},"6":{"name":"onError","decl":{"start":{"line":64,"column":28},"end":{"line":64,"column":35}},"loc":{"start":{"line":68,"column":36},"end":{"line":72,"column":7}}},"7":{"name":"(anonymous_8)","decl":{"start":{"line":77,"column":11},"end":{"line":77,"column":32}},"loc":{"start":{"line":77,"column":32},"end":{"line":81,"column":4}}},"8":{"name":"(anonymous_9)","decl":{"start":{"line":78,"column":30},"end":{"line":78,"column":31}},"loc":{"start":{"line":78,"column":62},"end":{"line":80,"column":7}}},"9":{"name":"(anonymous_10)","decl":{"start":{"line":83,"column":3},"end":{"line":83,"column":8}},"loc":{"start":{"line":83,"column":19},"end":{"line":87,"column":4}}},"10":{"name":"(anonymous_11)","decl":{"start":{"line":84,"column":35},"end":{"line":84,"column":40}},"loc":{"start":{"line":84,"column":46},"end":{"line":86,"column":7}}},"11":{"name":"(anonymous_12)","decl":{"start":{"line":89,"column":3},"end":{"line":89,"column":8}},"loc":{"start":{"line":89,"column":21},"end":{"line":91,"column":4}}},"12":{"name":"(anonymous_13)","decl":{"start":{"line":93,"column":3},"end":{"line":93,"column":8}},"loc":{"start":{"line":93,"column":18},"end":{"line":95,"column":4}}},"13":{"name":"(anonymous_14)","decl":{"start":{"line":96,"column":3},"end":{"line":96,"column":8}},"loc":{"start":{"line":96,"column":26},"end":{"line":98,"column":4}}},"14":{"name":"(anonymous_15)","decl":{"start":{"line":100,"column":3},"end":{"line":100,"column":8}},"loc":{"start":{"line":100,"column":26},"end":{"line":102,"column":4}}},"15":{"name":"(anonymous_16)","decl":{"start":{"line":109,"column":11},"end":{"line":109,"column":24}},"loc":{"start":{"line":109,"column":47},"end":{"line":115,"column":4}}}},"branchMap":{"0":{"loc":{"start":{"line":45,"column":9},"end":{"line":45,"column":51}},"type":"cond-expr","locations":[{"start":{"line":45,"column":28},"end":{"line":45,"column":44}},{"start":{"line":45,"column":47},"end":{"line":45,"column":51}}]},"1":{"loc":{"start":{"line":49,"column":18},"end":{"line":49,"column":null}},"type":"cond-expr","locations":[{"start":{"line":49,"column":37},"end":{"line":49,"column":53}},{"start":{"line":49,"column":56},"end":{"line":49,"column":null}}]},"2":{"loc":{"start":{"line":56,"column":6},"end":{"line":56,"column":67}},"type":"if","locations":[{"start":{"line":56,"column":6},"end":{"line":56,"column":67}}]}},"s":{"0":1,"1":1,"2":1,"3":1,"4":1,"5":1,"6":1,"7":1,"8":1,"9":1,"10":1,"11":2,"12":2,"13":2,"14":2,"15":2,"16":2,"17":2,"18":2,"19":2,"20":2,"21":1,"22":1,"23":1,"24":1,"25":1,"26":1,"27":1,"28":2,"29":2,"30":0,"31":0,"32":2,"33":2,"34":2,"35":1,"36":3,"37":0,"38":2,"39":2,"40":2,"41":2,"42":1,"43":1,"44":1,"45":1,"46":1},"f":{"0":2,"1":2,"2":1,"3":1,"4":2,"5":2,"6":0,"7":2,"8":1,"9":3,"10":0,"11":2,"12":2,"13":2,"14":2,"15":1},"b":{"0":[1,0],"1":[1,0],"2":[1]}}
,"/data/sync/sync/src/connection.ts": {"path":"/data/sync/sync/src/connection.ts","statementMap":{"0":{"start":{"line":1,"column":0},"end":{"line":1,"column":35}},"1":{"start":{"line":2,"column":0},"end":{"line":4,"column":5}},"2":{"start":{"line":3,"column":3},"end":{"line":3,"column":27}}},"fnMap":{"0":{"name":"(anonymous_6)","decl":{"start":{"line":2,"column":1},"end":{"line":2,"column":6}},"loc":{"start":{"line":2,"column":12},"end":{"line":4,"column":1}}}},"branchMap":{},"s":{"0":22,"1":22,"2":22},"f":{"0":22},"b":{}}
,"/data/sync/sync/src/instrument.ts": {"path":"/data/sync/sync/src/instrument.ts","statementMap":{"0":{"start":{"line":2,"column":15},"end":{"line":2,"column":38}},"1":{"start":{"line":3,"column":37},"end":{"line":3,"column":70}},"2":{"start":{"line":5,"column":0},"end":{"line":13,"column":3}}},"fnMap":{},"branchMap":{},"s":{"0":1,"1":1,"2":1},"f":{},"b":{}}
,"/data/sync/sync/src/logger.ts": {"path":"/data/sync/sync/src/logger.ts","statementMap":{"0":{"start":{"line":2,"column":0},"end":{"line":2,"column":35}},"1":{"start":{"line":4,"column":15},"end":{"line":10,"column":2}},"2":{"start":{"line":17,"column":14},"end":{"line":21,"column":1}},"3":{"start":{"line":18,"column":15},"end":{"line":18,"column":52}},"4":{"start":{"line":19,"column":25},"end":{"line":19,"column":46}},"5":{"start":{"line":20,"column":3},"end":{"line":20,"column":43}},"6":{"start":{"line":23,"column":15},"end":{"line":29,"column":2}},"7":{"start":{"line":31,"column":0},"end":{"line":31,"column":26}},"8":{"start":{"line":38,"column":15},"end":{"line":43,"column":null}},"9":{"start":{"line":42,"column":16},"end":{"line":42,"column":66}},"10":{"start":{"line":46,"column":19},"end":{"line":53,"column":2}},"11":{"start":{"line":55,"column":13},"end":{"line":60,"column":3}},"12":{"start":{"line":62,"column":0},"end":{"line":62,"column":28}}},"fnMap":{"0":{"name":"(anonymous_6)","decl":{"start":{"line":17,"column":14},"end":{"line":17,"column":17}},"loc":{"start":{"line":17,"column":19},"end":{"line":21,"column":1}}},"1":{"name":"(anonymous_7)","decl":{"start":{"line":42,"column":6},"end":{"line":42,"column":7}},"loc":{"start":{"line":42,"column":16},"end":{"line":42,"column":66}}}},"branchMap":{"0":{"loc":{"start":{"line":18,"column":15},"end":{"line":18,"column":52}},"type":"binary-expr","locations":[{"start":{"line":18,"column":15},"end":{"line":18,"column":35}},{"start":{"line":18,"column":39},"end":{"line":18,"column":52}}]},"1":{"loc":{"start":{"line":20,"column":10},"end":{"line":20,"column":42}},"type":"cond-expr","locations":[{"start":{"line":20,"column":26},"end":{"line":20,"column":33}},{"start":{"line":20,"column":36},"end":{"line":20,"column":42}}]}},"s":{"0":4,"1":4,"2":4,"3":4,"4":4,"5":4,"6":4,"7":4,"8":4,"9":0,"10":4,"11":4,"12":4},"f":{"0":4,"1":0},"b":{"0":[4,0],"1":[0,4]}}
,"/data/sync/sync/src/common/chain.common.ts": {"path":"/data/sync/sync/src/common/chain.common.ts","statementMap":{"0":{"start":{"line":3,"column":25},"end":{"line":3,"column":58}},"1":{"start":{"line":4,"column":0},"end":{"line":4,"column":null}},"2":{"start":{"line":10,"column":0},"end":{"line":10,"column":23}},"3":{"start":{"line":19,"column":30},"end":{"line":23,"column":1}},"4":{"start":{"line":20,"column":3},"end":{"line":22,"column":47}},"5":{"start":{"line":20,"column":54},"end":{"line":20,"column":66}},"6":{"start":{"line":21,"column":8},"end":{"line":22,"column":47}},"7":{"start":{"line":21,"column":25},"end":{"line":21,"column":49}},"8":{"start":{"line":22,"column":8},"end":{"line":22,"column":47}},"9":{"start":{"line":19,"column":13},"end":{"line":19,"column":30}},"10":{"start":{"line":25,"column":30},"end":{"line":27,"column":1}},"11":{"start":{"line":26,"column":3},"end":{"line":26,"column":41}},"12":{"start":{"line":25,"column":13},"end":{"line":25,"column":30}}},"fnMap":{"0":{"name":"(anonymous_0)","decl":{"start":{"line":19,"column":30},"end":{"line":19,"column":31}},"loc":{"start":{"line":19,"column":60},"end":{"line":23,"column":1}}},"1":{"name":"(anonymous_1)","decl":{"start":{"line":25,"column":30},"end":{"line":25,"column":31}},"loc":{"start":{"line":25,"column":53},"end":{"line":27,"column":1}}}},"branchMap":{"0":{"loc":{"start":{"line":20,"column":3},"end":{"line":22,"column":47}},"type":"if","locations":[{"start":{"line":20,"column":3},"end":{"line":22,"column":47}},{"start":{"line":21,"column":8},"end":{"line":22,"column":47}}]},"1":{"loc":{"start":{"line":20,"column":7},"end":{"line":20,"column":52}},"type":"binary-expr","locations":[{"start":{"line":20,"column":7},"end":{"line":20,"column":28}},{"start":{"line":20,"column":32},"end":{"line":20,"column":52}}]},"2":{"loc":{"start":{"line":21,"column":8},"end":{"line":22,"column":47}},"type":"if","locations":[{"start":{"line":21,"column":8},"end":{"line":22,"column":47}},{"start":{"line":22,"column":8},"end":{"line":22,"column":47}}]},"3":{"loc":{"start":{"line":22,"column":15},"end":{"line":22,"column":46}},"type":"cond-expr","locations":[{"start":{"line":22,"column":23},"end":{"line":22,"column":39}},{"start":{"line":22,"column":42},"end":{"line":22,"column":46}}]},"4":{"loc":{"start":{"line":26,"column":10},"end":{"line":26,"column":40}},"type":"cond-expr","locations":[{"start":{"line":26,"column":18},"end":{"line":26,"column":34}},{"start":{"line":26,"column":37},"end":{"line":26,"column":40}}]}},"s":{"0":1,"1":1,"2":1,"3":1,"4":7,"5":2,"6":5,"7":1,"8":4,"9":1,"10":1,"11":4,"12":1},"f":{"0":7,"1":4},"b":{"0":[2,5],"1":[7,6],"2":[1,4],"3":[1,3],"4":[1,3]}}
,"/data/sync/sync/src/config/index.ts": {"path":"/data/sync/sync/src/config/index.ts","statementMap":{"0":{"start":{"line":4,"column":0},"end":{"line":4,"column":16}},"1":{"start":{"line":1,"column":0},"end":{"line":1,"column":32}},"2":{"start":{"line":2,"column":0},"end":{"line":2,"column":31}},"3":{"start":{"line":5,"column":3},"end":{"line":8,"column":6}},"4":{"start":{"line":6,"column":6},"end":{"line":6,"column":58}},"5":{"start":{"line":7,"column":6},"end":{"line":7,"column":27}}},"fnMap":{"0":{"name":"initiate","decl":{"start":{"line":4,"column":16},"end":{"line":4,"column":24}},"loc":{"start":{"line":4,"column":24},"end":{"line":9,"column":1}}},"1":{"name":"(anonymous_1)","decl":{"start":{"line":5,"column":22},"end":{"line":5,"column":23}},"loc":{"start":{"line":5,"column":41},"end":{"line":8,"column":4}}}},"branchMap":{},"s":{"0":22,"1":22,"2":22,"3":22,"4":22,"5":22},"f":{"0":22,"1":22},"b":{}}
,"/data/sync/sync/src/config/morganMiddleware.ts": {"path":"/data/sync/sync/src/config/morganMiddleware.ts","statementMap":{"0":{"start":{"line":1,"column":0},"end":{"line":1,"column":28}},"1":{"start":{"line":3,"column":0},"end":{"line":3,"column":72}},"2":{"start":{"line":5,"column":19},"end":{"line":5,"column":39}},"3":{"start":{"line":18,"column":13},"end":{"line":21,"column":1}},"4":{"start":{"line":19,"column":15},"end":{"line":19,"column":58}},"5":{"start":{"line":20,"column":3},"end":{"line":20,"column":38}},"6":{"start":{"line":24,"column":25},"end":{"line":32,"column":null}},"7":{"start":{"line":35,"column":0},"end":{"line":35,"column":32}}},"fnMap":{"0":{"name":"(anonymous_1)","decl":{"start":{"line":18,"column":13},"end":{"line":18,"column":16}},"loc":{"start":{"line":18,"column":18},"end":{"line":21,"column":1}}}},"branchMap":{"0":{"loc":{"start":{"line":19,"column":15},"end":{"line":19,"column":58}},"type":"binary-expr","locations":[{"start":{"line":19,"column":15},"end":{"line":19,"column":35}},{"start":{"line":19,"column":39},"end":{"line":19,"column":58}}]}},"s":{"0":2,"1":2,"2":2,"3":2,"4":2,"5":2,"6":2,"7":2},"f":{"0":2},"b":{"0":[2,0]}}
,"/data/sync/sync/src/contracts/contract.abi.ts": {"path":"/data/sync/sync/src/contracts/contract.abi.ts","statementMap":{"0":{"start":{"line":1,"column":25},"end":{"line":666,"column":2}},"1":{"start":{"line":668,"column":0},"end":{"line":668,"column":27}}},"fnMap":{},"branchMap":{},"s":{"0":2,"1":2},"f":{},"b":{}}
,"/data/sync/sync/src/helpers/block.helper.ts": {"path":"/data/sync/sync/src/helpers/block.helper.ts","statementMap":{"0":{"start":{"line":2,"column":3},"end":{"line":28,"column":5}},"1":{"start":{"line":3,"column":6},"end":{"line":27,"column":7}},"2":{"start":{"line":4,"column":9},"end":{"line":6,"column":12}},"3":{"start":{"line":5,"column":12},"end":{"line":5,"column":31}},"4":{"start":{"line":5,"column":21},"end":{"line":5,"column":31}},"5":{"start":{"line":8,"column":29},"end":{"line":17,"column":null}},"6":{"start":{"line":20,"column":9},"end":{"line":24,"column":10}},"7":{"start":{"line":21,"column":12},"end":{"line":21,"column":53}},"8":{"start":{"line":23,"column":12},"end":{"line":23,"column":35}},"9":{"start":{"line":26,"column":9},"end":{"line":26,"column":20}},"10":{"start":{"line":31,"column":0},"end":{"line":31,"column":33}}},"fnMap":{"0":{"name":"(anonymous_0)","decl":{"start":{"line":1,"column":0},"end":{"line":1,"column":6}},"loc":{"start":{"line":1,"column":0},"end":{"line":29,"column":1}}},"1":{"name":"(anonymous_1)","decl":{"start":{"line":2,"column":25},"end":{"line":2,"column":30}},"loc":{"start":{"line":2,"column":67},"end":{"line":28,"column":4}}},"2":{"name":"(anonymous_2)","decl":{"start":{"line":4,"column":28},"end":{"line":4,"column":29}},"loc":{"start":{"line":4,"column":43},"end":{"line":6,"column":10}}}},"branchMap":{"0":{"loc":{"start":{"line":5,"column":12},"end":{"line":5,"column":31}},"type":"if","locations":[{"start":{"line":5,"column":12},"end":{"line":5,"column":31}}]},"1":{"loc":{"start":{"line":20,"column":9},"end":{"line":24,"column":10}},"type":"if","locations":[{"start":{"line":20,"column":9},"end":{"line":24,"column":10}},{"start":{"line":22,"column":16},"end":{"line":24,"column":10}}]},"2":{"loc":{"start":{"line":20,"column":13},"end":{"line":20,"column":41}},"type":"binary-expr","locations":[{"start":{"line":20,"column":13},"end":{"line":20,"column":19}},{"start":{"line":20,"column":23},"end":{"line":20,"column":41}}]}},"s":{"0":1,"1":4,"2":4,"3":4,"4":1,"5":3,"6":2,"7":1,"8":1,"9":2,"10":1},"f":{"0":1,"1":4,"2":4},"b":{"0":[1],"1":[1,1],"2":[2,2]}}
,"/data/sync/sync/src/helpers/claim.helper.ts": {"path":"/data/sync/sync/src/helpers/claim.helper.ts","statementMap":{"0":{"start":{"line":1,"column":15},"end":{"line":1,"column":38}},"1":{"start":{"line":2,"column":0},"end":{"line":2,"column":62}},"2":{"start":{"line":3,"column":0},"end":{"line":3,"column":42}},"3":{"start":{"line":4,"column":0},"end":{"line":4,"column":44}},"4":{"start":{"line":6,"column":20},"end":{"line":28,"column":1}},"5":{"start":{"line":7,"column":23},"end":{"line":7,"column":48}},"6":{"start":{"line":8,"column":19},"end":{"line":8,"column":44}},"7":{"start":{"line":9,"column":25},"end":{"line":9,"column":50}},"8":{"start":{"line":10,"column":18},"end":{"line":10,"column":43}},"9":{"start":{"line":11,"column":18},"end":{"line":11,"column":71}},"10":{"start":{"line":13,"column":3},"end":{"line":27,"column":4}},"11":{"start":{"line":14,"column":6},"end":{"line":17,"column":8}},"12":{"start":{"line":18,"column":6},"end":{"line":18,"column":72}},"13":{"start":{"line":19,"column":6},"end":{"line":23,"column":8}},"14":{"start":{"line":25,"column":6},"end":{"line":25,"column":37}},"15":{"start":{"line":26,"column":6},"end":{"line":26,"column":22}},"16":{"start":{"line":30,"column":0},"end":{"line":30,"column":27}}},"fnMap":{"0":{"name":"(anonymous_1)","decl":{"start":{"line":6,"column":20},"end":{"line":6,"column":25}},"loc":{"start":{"line":6,"column":40},"end":{"line":28,"column":1}}}},"branchMap":{"0":{"loc":{"start":{"line":7,"column":23},"end":{"line":7,"column":48}},"type":"cond-expr","locations":[{"start":{"line":7,"column":41},"end":{"line":7,"column":43}},{"start":{"line":7,"column":41},"end":{"line":7,"column":48}}]},"1":{"loc":{"start":{"line":7,"column":23},"end":{"line":7,"column":43}},"type":"binary-expr","locations":[{"start":{"line":7,"column":23},"end":{"line":7,"column":43}},{"start":{"line":7,"column":41},"end":{"line":7,"column":43}}]},"2":{"loc":{"start":{"line":7,"column":23},"end":{"line":7,"column":41}},"type":"cond-expr","locations":[{"start":{"line":7,"column":30},"end":{"line":7,"column":32}},{"start":{"line":7,"column":30},"end":{"line":7,"column":41}}]},"3":{"loc":{"start":{"line":7,"column":23},"end":{"line":7,"column":32}},"type":"binary-expr","locations":[{"start":{"line":7,"column":23},"end":{"line":7,"column":32}},{"start":{"line":7,"column":30},"end":{"line":7,"column":32}}]},"4":{"loc":{"start":{"line":8,"column":19},"end":{"line":8,"column":44}},"type":"cond-expr","locations":[{"start":{"line":8,"column":37},"end":{"line":8,"column":39}},{"start":{"line":8,"column":37},"end":{"line":8,"column":44}}]},"5":{"loc":{"start":{"line":8,"column":19},"end":{"line":8,"column":39}},"type":"binary-expr","locations":[{"start":{"line":8,"column":19},"end":{"line":8,"column":39}},{"start":{"line":8,"column":37},"end":{"line":8,"column":39}}]},"6":{"loc":{"start":{"line":8,"column":19},"end":{"line":8,"column":37}},"type":"cond-expr","locations":[{"start":{"line":8,"column":26},"end":{"line":8,"column":28}},{"start":{"line":8,"column":26},"end":{"line":8,"column":37}}]},"7":{"loc":{"start":{"line":8,"column":19},"end":{"line":8,"column":28}},"type":"binary-expr","locations":[{"start":{"line":8,"column":19},"end":{"line":8,"column":28}},{"start":{"line":8,"column":26},"end":{"line":8,"column":28}}]},"8":{"loc":{"start":{"line":9,"column":25},"end":{"line":9,"column":50}},"type":"cond-expr","locations":[{"start":{"line":9,"column":43},"end":{"line":9,"column":45}},{"start":{"line":9,"column":43},"end":{"line":9,"column":50}}]},"9":{"loc":{"start":{"line":9,"column":25},"end":{"line":9,"column":45}},"type":"binary-expr","locations":[{"start":{"line":9,"column":25},"end":{"line":9,"column":45}},{"start":{"line":9,"column":43},"end":{"line":9,"column":45}}]},"10":{"loc":{"start":{"line":9,"column":25},"end":{"line":9,"column":43}},"type":"cond-expr","locations":[{"start":{"line":9,"column":32},"end":{"line":9,"column":34}},{"start":{"line":9,"column":32},"end":{"line":9,"column":43}}]},"11":{"loc":{"start":{"line":9,"column":25},"end":{"line":9,"column":34}},"type":"binary-expr","locations":[{"start":{"line":9,"column":25},"end":{"line":9,"column":34}},{"start":{"line":9,"column":32},"end":{"line":9,"column":34}}]},"12":{"loc":{"start":{"line":10,"column":18},"end":{"line":10,"column":43}},"type":"cond-expr","locations":[{"start":{"line":10,"column":36},"end":{"line":10,"column":38}},{"start":{"line":10,"column":36},"end":{"line":10,"column":43}}]},"13":{"loc":{"start":{"line":10,"column":18},"end":{"line":10,"column":38}},"type":"binary-expr","locations":[{"start":{"line":10,"column":18},"end":{"line":10,"column":38}},{"start":{"line":10,"column":36},"end":{"line":10,"column":38}}]},"14":{"loc":{"start":{"line":10,"column":18},"end":{"line":10,"column":36}},"type":"cond-expr","locations":[{"start":{"line":10,"column":25},"end":{"line":10,"column":27}},{"start":{"line":10,"column":25},"end":{"line":10,"column":36}}]},"15":{"loc":{"start":{"line":10,"column":18},"end":{"line":10,"column":27}},"type":"binary-expr","locations":[{"start":{"line":10,"column":18},"end":{"line":10,"column":27}},{"start":{"line":10,"column":25},"end":{"line":10,"column":27}}]},"16":{"loc":{"start":{"line":11,"column":18},"end":{"line":11,"column":71}},"type":"cond-expr","locations":[{"start":{"line":11,"column":55},"end":{"line":11,"column":61}},{"start":{"line":11,"column":64},"end":{"line":11,"column":71}}]},"17":{"loc":{"start":{"line":11,"column":18},"end":{"line":11,"column":43}},"type":"cond-expr","locations":[{"start":{"line":11,"column":36},"end":{"line":11,"column":38}},{"start":{"line":11,"column":36},"end":{"line":11,"column":43}}]},"18":{"loc":{"start":{"line":11,"column":18},"end":{"line":11,"column":38}},"type":"binary-expr","locations":[{"start":{"line":11,"column":18},"end":{"line":11,"column":38}},{"start":{"line":11,"column":36},"end":{"line":11,"column":38}}]},"19":{"loc":{"start":{"line":11,"column":18},"end":{"line":11,"column":36}},"type":"cond-expr","locations":[{"start":{"line":11,"column":25},"end":{"line":11,"column":27}},{"start":{"line":11,"column":25},"end":{"line":11,"column":36}}]},"20":{"loc":{"start":{"line":11,"column":18},"end":{"line":11,"column":27}},"type":"binary-expr","locations":[{"start":{"line":11,"column":18},"end":{"line":11,"column":27}},{"start":{"line":11,"column":25},"end":{"line":11,"column":27}}]}},"s":{"0":2,"1":2,"2":2,"3":2,"4":2,"5":6,"6":6,"7":6,"8":6,"9":6,"10":6,"11":6,"12":4,"13":4,"14":2,"15":2,"16":2},"f":{"0":6},"b":{"0":[0,6],"1":[6,6],"2":[0,6],"3":[6,6],"4":[0,6],"5":[6,6],"6":[0,6],"7":[6,6],"8":[0,6],"9":[6,6],"10":[0,6],"11":[6,6],"12":[0,6],"13":[6,6],"14":[0,6],"15":[6,6],"16":[5,1],"17":[0,6],"18":[6,6],"19":[0,6],"20":[6,6]}}
,"/data/sync/sync/src/helpers/commom.helper.ts": {"path":"/data/sync/sync/src/helpers/commom.helper.ts","statementMap":{"0":{"start":{"line":1,"column":26},"end":{"line":16,"column":1}},"1":{"start":{"line":2,"column":16},"end":{"line":2,"column":35}},"2":{"start":{"line":4,"column":15},"end":{"line":4,"column":60}},"3":{"start":{"line":4,"column":29},"end":{"line":4,"column":60}},"4":{"start":{"line":7,"column":15},"end":{"line":7,"column":29}},"5":{"start":{"line":8,"column":17},"end":{"line":8,"column":41}},"6":{"start":{"line":9,"column":16},"end":{"line":9,"column":55}},"7":{"start":{"line":10,"column":17},"end":{"line":10,"column":37}},"8":{"start":{"line":11,"column":19},"end":{"line":11,"column":41}},"9":{"start":{"line":14,"column":25},"end":{"line":14,"column":70}},"10":{"start":{"line":15,"column":3},"end":{"line":15,"column":24}},"11":{"start":{"line":18,"column":0},"end":{"line":18,"column":33}}},"fnMap":{"0":{"name":"(anonymous_0)","decl":{"start":{"line":1,"column":26},"end":{"line":1,"column":27}},"loc":{"start":{"line":1,"column":65},"end":{"line":16,"column":1}}},"1":{"name":"(anonymous_1)","decl":{"start":{"line":4,"column":15},"end":{"line":4,"column":16}},"loc":{"start":{"line":4,"column":29},"end":{"line":4,"column":60}}}},"branchMap":{},"s":{"0":4,"1":5,"2":5,"3":15,"4":5,"5":5,"6":5,"7":5,"8":5,"9":5,"10":5,"11":4},"f":{"0":5,"1":15},"b":{}}
,"/data/sync/sync/src/helpers/consumer.helper.ts": {"path":"/data/sync/sync/src/helpers/consumer.helper.ts","statementMap":{"0":{"start":{"line":1,"column":13},"end":{"line":1,"column":28}},"1":{"start":{"line":2,"column":15},"end":{"line":2,"column":38}},"2":{"start":{"line":3,"column":0},"end":{"line":3,"column":44}},"3":{"start":{"line":4,"column":0},"end":{"line":4,"column":52}},"4":{"start":{"line":5,"column":0},"end":{"line":5,"column":23}},"5":{"start":{"line":6,"column":0},"end":{"line":6,"column":50}},"6":{"start":{"line":7,"column":19},"end":{"line":7,"column":36}},"7":{"start":{"line":8,"column":24},"end":{"line":8,"column":52}},"8":{"start":{"line":10,"column":19},"end":{"line":62,"column":1}},"9":{"start":{"line":11,"column":3},"end":{"line":61,"column":4}},"10":{"start":{"line":12,"column":19},"end":{"line":12,"column":52}},"11":{"start":{"line":13,"column":23},"end":{"line":13,"column":74}},"12":{"start":{"line":14,"column":22},"end":{"line":14,"column":70}},"13":{"start":{"line":15,"column":23},"end":{"line":17,"column":null}},"14":{"start":{"line":20,"column":26},"end":{"line":22,"column":8}},"15":{"start":{"line":25,"column":20},"end":{"line":25,"column":63}},"16":{"start":{"line":28,"column":23},"end":{"line":28,"column":51}},"17":{"start":{"line":29,"column":21},"end":{"line":36,"column":8}},"18":{"start":{"line":39,"column":23},"end":{"line":41,"column":null}},"19":{"start":{"line":45,"column":6},"end":{"line":45,"column":68}},"20":{"start":{"line":47,"column":6},"end":{"line":54,"column":8}},"21":{"start":{"line":56,"column":6},"end":{"line":56,"column":18}},"22":{"start":{"line":58,"column":6},"end":{"line":58,"column":37}},"23":{"start":{"line":59,"column":6},"end":{"line":59,"column":22}},"24":{"start":{"line":60,"column":6},"end":{"line":60,"column":19}},"25":{"start":{"line":105,"column":9},"end":{"line":105,"column":19}},"26":{"start":{"line":63,"column":23},"end":{"line":76,"column":1}},"27":{"start":{"line":64,"column":3},"end":{"line":75,"column":4}},"28":{"start":{"line":65,"column":19},"end":{"line":65,"column":52}},"29":{"start":{"line":66,"column":23},"end":{"line":66,"column":74}},"30":{"start":{"line":67,"column":27},"end":{"line":69,"column":16}},"31":{"start":{"line":70,"column":6},"end":{"line":70,"column":26}},"32":{"start":{"line":72,"column":6},"end":{"line":72,"column":37}},"33":{"start":{"line":73,"column":6},"end":{"line":73,"column":22}},"34":{"start":{"line":74,"column":6},"end":{"line":74,"column":19}},"35":{"start":{"line":105,"column":21},"end":{"line":105,"column":35}},"36":{"start":{"line":77,"column":18},"end":{"line":90,"column":1}},"37":{"start":{"line":78,"column":3},"end":{"line":89,"column":4}},"38":{"start":{"line":79,"column":19},"end":{"line":79,"column":52}},"39":{"start":{"line":80,"column":23},"end":{"line":80,"column":74}},"40":{"start":{"line":81,"column":24},"end":{"line":83,"column":16}},"41":{"start":{"line":84,"column":6},"end":{"line":84,"column":23}},"42":{"start":{"line":86,"column":6},"end":{"line":86,"column":37}},"43":{"start":{"line":87,"column":6},"end":{"line":87,"column":22}},"44":{"start":{"line":88,"column":6},"end":{"line":88,"column":19}},"45":{"start":{"line":105,"column":37},"end":{"line":105,"column":46}},"46":{"start":{"line":91,"column":26},"end":{"line":104,"column":1}},"47":{"start":{"line":92,"column":3},"end":{"line":103,"column":4}},"48":{"start":{"line":93,"column":19},"end":{"line":93,"column":52}},"49":{"start":{"line":94,"column":23},"end":{"line":94,"column":74}},"50":{"start":{"line":95,"column":24},"end":{"line":97,"column":16}},"51":{"start":{"line":98,"column":6},"end":{"line":98,"column":37}},"52":{"start":{"line":100,"column":6},"end":{"line":100,"column":37}},"53":{"start":{"line":101,"column":6},"end":{"line":101,"column":22}},"54":{"start":{"line":102,"column":6},"end":{"line":102,"column":19}},"55":{"start":{"line":105,"column":48},"end":{"line":105,"column":65}}},"fnMap":{"0":{"name":"(anonymous_1)","decl":{"start":{"line":10,"column":19},"end":{"line":10,"column":24}},"loc":{"start":{"line":10,"column":65},"end":{"line":62,"column":1}}},"1":{"name":"(anonymous_2)","decl":{"start":{"line":63,"column":23},"end":{"line":63,"column":28}},"loc":{"start":{"line":63,"column":49},"end":{"line":76,"column":1}}},"2":{"name":"(anonymous_3)","decl":{"start":{"line":77,"column":18},"end":{"line":77,"column":23}},"loc":{"start":{"line":77,"column":44},"end":{"line":90,"column":1}}},"3":{"name":"(anonymous_4)","decl":{"start":{"line":91,"column":26},"end":{"line":91,"column":31}},"loc":{"start":{"line":91,"column":52},"end":{"line":104,"column":1}}}},"branchMap":{},"s":{"0":1,"1":1,"2":1,"3":1,"4":1,"5":1,"6":1,"7":1,"8":1,"9":2,"10":2,"11":1,"12":1,"13":1,"14":1,"15":1,"16":1,"17":1,"18":1,"19":1,"20":1,"21":1,"22":1,"23":1,"24":1,"25":1,"26":1,"27":2,"28":2,"29":1,"30":1,"31":1,"32":1,"33":1,"34":1,"35":1,"36":1,"37":2,"38":2,"39":1,"40":1,"41":1,"42":1,"43":1,"44":1,"45":1,"46":1,"47":0,"48":0,"49":0,"50":0,"51":0,"52":0,"53":0,"54":0,"55":1},"f":{"0":2,"1":2,"2":2,"3":0},"b":{}}
,"/data/sync/sync/src/helpers/event.helper.ts": {"path":"/data/sync/sync/src/helpers/event.helper.ts","statementMap":{"0":{"start":{"line":1,"column":15},"end":{"line":1,"column":38}},"1":{"start":{"line":2,"column":14},"end":{"line":2,"column":30}},"2":{"start":{"line":3,"column":0},"end":{"line":3,"column":44}},"3":{"start":{"line":4,"column":0},"end":{"line":4,"column":57}},"4":{"start":{"line":5,"column":0},"end":{"line":5,"column":58}},"5":{"start":{"line":7,"column":18},"end":{"line":47,"column":1}},"6":{"start":{"line":8,"column":3},"end":{"line":46,"column":4}},"7":{"start":{"line":9,"column":24},"end":{"line":10,"column":null}},"8":{"start":{"line":12,"column":19},"end":{"line":34,"column":8}},"9":{"start":{"line":35,"column":20},"end":{"line":35,"column":36}},"10":{"start":{"line":36,"column":25},"end":{"line":36,"column":43}},"11":{"start":{"line":37,"column":6},"end":{"line":40,"column":8}},"12":{"start":{"line":42,"column":6},"end":{"line":42,"column":24}},"13":{"start":{"line":44,"column":6},"end":{"line":44,"column":37}},"14":{"start":{"line":45,"column":6},"end":{"line":45,"column":19}},"15":{"start":{"line":49,"column":0},"end":{"line":49,"column":25}}},"fnMap":{"0":{"name":"(anonymous_1)","decl":{"start":{"line":7,"column":18},"end":{"line":7,"column":23}},"loc":{"start":{"line":7,"column":55},"end":{"line":47,"column":1}}}},"branchMap":{"0":{"loc":{"start":{"line":10,"column":31},"end":{"line":10,"column":56}},"type":"cond-expr","locations":[{"start":{"line":10,"column":49},"end":{"line":10,"column":51}},{"start":{"line":10,"column":49},"end":{"line":10,"column":56}}]},"1":{"loc":{"start":{"line":10,"column":31},"end":{"line":10,"column":51}},"type":"binary-expr","locations":[{"start":{"line":10,"column":31},"end":{"line":10,"column":51}},{"start":{"line":10,"column":49},"end":{"line":10,"column":51}}]},"2":{"loc":{"start":{"line":10,"column":31},"end":{"line":10,"column":49}},"type":"cond-expr","locations":[{"start":{"line":10,"column":38},"end":{"line":10,"column":40}},{"start":{"line":10,"column":38},"end":{"line":10,"column":49}}]},"3":{"loc":{"start":{"line":10,"column":31},"end":{"line":10,"column":40}},"type":"binary-expr","locations":[{"start":{"line":10,"column":31},"end":{"line":10,"column":40}},{"start":{"line":10,"column":38},"end":{"line":10,"column":40}}]},"4":{"loc":{"start":{"line":13,"column":25},"end":{"line":13,"column":50}},"type":"cond-expr","locations":[{"start":{"line":13,"column":43},"end":{"line":13,"column":45}},{"start":{"line":13,"column":43},"end":{"line":13,"column":50}}]},"5":{"loc":{"start":{"line":13,"column":25},"end":{"line":13,"column":45}},"type":"binary-expr","locations":[{"start":{"line":13,"column":25},"end":{"line":13,"column":45}},{"start":{"line":13,"column":43},"end":{"line":13,"column":45}}]},"6":{"loc":{"start":{"line":13,"column":25},"end":{"line":13,"column":43}},"type":"cond-expr","locations":[{"start":{"line":13,"column":32},"end":{"line":13,"column":34}},{"start":{"line":13,"column":32},"end":{"line":13,"column":43}}]},"7":{"loc":{"start":{"line":13,"column":25},"end":{"line":13,"column":34}},"type":"binary-expr","locations":[{"start":{"line":13,"column":25},"end":{"line":13,"column":34}},{"start":{"line":13,"column":32},"end":{"line":13,"column":34}}]},"8":{"loc":{"start":{"line":14,"column":24},"end":{"line":14,"column":49}},"type":"cond-expr","locations":[{"start":{"line":14,"column":42},"end":{"line":14,"column":44}},{"start":{"line":14,"column":42},"end":{"line":14,"column":49}}]},"9":{"loc":{"start":{"line":14,"column":24},"end":{"line":14,"column":44}},"type":"binary-expr","locations":[{"start":{"line":14,"column":24},"end":{"line":14,"column":44}},{"start":{"line":14,"column":42},"end":{"line":14,"column":44}}]},"10":{"loc":{"start":{"line":14,"column":24},"end":{"line":14,"column":42}},"type":"cond-expr","locations":[{"start":{"line":14,"column":31},"end":{"line":14,"column":33}},{"start":{"line":14,"column":31},"end":{"line":14,"column":42}}]},"11":{"loc":{"start":{"line":14,"column":24},"end":{"line":14,"column":33}},"type":"binary-expr","locations":[{"start":{"line":14,"column":24},"end":{"line":14,"column":33}},{"start":{"line":14,"column":31},"end":{"line":14,"column":33}}]},"12":{"loc":{"start":{"line":16,"column":21},"end":{"line":16,"column":43}},"type":"cond-expr","locations":[{"start":{"line":16,"column":36},"end":{"line":16,"column":38}},{"start":{"line":16,"column":36},"end":{"line":16,"column":43}}]},"13":{"loc":{"start":{"line":16,"column":21},"end":{"line":16,"column":38}},"type":"binary-expr","locations":[{"start":{"line":16,"column":21},"end":{"line":16,"column":38}},{"start":{"line":16,"column":36},"end":{"line":16,"column":38}}]},"14":{"loc":{"start":{"line":16,"column":21},"end":{"line":16,"column":36}},"type":"cond-expr","locations":[{"start":{"line":16,"column":30},"end":{"line":16,"column":32}},{"start":{"line":16,"column":21},"end":{"line":16,"column":36}}]},"15":{"loc":{"start":{"line":16,"column":21},"end":{"line":16,"column":32}},"type":"binary-expr","locations":[{"start":{"line":16,"column":21},"end":{"line":16,"column":32}},{"start":{"line":16,"column":21},"end":{"line":16,"column":32}}]},"16":{"loc":{"start":{"line":17,"column":30},"end":{"line":17,"column":51}},"type":"cond-expr","locations":[{"start":{"line":17,"column":45},"end":{"line":17,"column":47}},{"start":{"line":17,"column":45},"end":{"line":17,"column":51}}]},"17":{"loc":{"start":{"line":17,"column":30},"end":{"line":17,"column":47}},"type":"binary-expr","locations":[{"start":{"line":17,"column":30},"end":{"line":17,"column":47}},{"start":{"line":17,"column":45},"end":{"line":17,"column":47}}]},"18":{"loc":{"start":{"line":17,"column":30},"end":{"line":17,"column":45}},"type":"cond-expr","locations":[{"start":{"line":17,"column":39},"end":{"line":17,"column":41}},{"start":{"line":17,"column":30},"end":{"line":17,"column":45}}]},"19":{"loc":{"start":{"line":17,"column":30},"end":{"line":17,"column":41}},"type":"binary-expr","locations":[{"start":{"line":17,"column":30},"end":{"line":17,"column":41}},{"start":{"line":17,"column":30},"end":{"line":17,"column":41}}]},"20":{"loc":{"start":{"line":18,"column":29},"end":{"line":18,"column":57}},"type":"cond-expr","locations":[{"start":{"line":18,"column":44},"end":{"line":18,"column":46}},{"start":{"line":18,"column":44},"end":{"line":18,"column":57}}]},"21":{"loc":{"start":{"line":18,"column":29},"end":{"line":18,"column":46}},"type":"binary-expr","locations":[{"start":{"line":18,"column":29},"end":{"line":18,"column":46}},{"start":{"line":18,"column":44},"end":{"line":18,"column":46}}]},"22":{"loc":{"start":{"line":18,"column":29},"end":{"line":18,"column":44}},"type":"cond-expr","locations":[{"start":{"line":18,"column":38},"end":{"line":18,"column":40}},{"start":{"line":18,"column":29},"end":{"line":18,"column":44}}]},"23":{"loc":{"start":{"line":18,"column":29},"end":{"line":18,"column":40}},"type":"binary-expr","locations":[{"start":{"line":18,"column":29},"end":{"line":18,"column":40}},{"start":{"line":18,"column":29},"end":{"line":18,"column":40}}]},"24":{"loc":{"start":{"line":19,"column":32},"end":{"line":19,"column":57}},"type":"cond-expr","locations":[{"start":{"line":19,"column":50},"end":{"line":19,"column":52}},{"start":{"line":19,"column":50},"end":{"line":19,"column":57}}]},"25":{"loc":{"start":{"line":19,"column":32},"end":{"line":19,"column":52}},"type":"binary-expr","locations":[{"start":{"line":19,"column":32},"end":{"line":19,"column":52}},{"start":{"line":19,"column":50},"end":{"line":19,"column":52}}]},"26":{"loc":{"start":{"line":19,"column":32},"end":{"line":19,"column":50}},"type":"cond-expr","locations":[{"start":{"line":19,"column":39},"end":{"line":19,"column":41}},{"start":{"line":19,"column":39},"end":{"line":19,"column":50}}]},"27":{"loc":{"start":{"line":19,"column":32},"end":{"line":19,"column":41}},"type":"binary-expr","locations":[{"start":{"line":19,"column":32},"end":{"line":19,"column":41}},{"start":{"line":19,"column":39},"end":{"line":19,"column":41}}]},"28":{"loc":{"start":{"line":20,"column":36},"end":{"line":20,"column":61}},"type":"cond-expr","locations":[{"start":{"line":20,"column":54},"end":{"line":20,"column":56}},{"start":{"line":20,"column":54},"end":{"line":20,"column":61}}]},"29":{"loc":{"start":{"line":20,"column":36},"end":{"line":20,"column":56}},"type":"binary-expr","locations":[{"start":{"line":20,"column":36},"end":{"line":20,"column":56}},{"start":{"line":20,"column":54},"end":{"line":20,"column":56}}]},"30":{"loc":{"start":{"line":20,"column":36},"end":{"line":20,"column":54}},"type":"cond-expr","locations":[{"start":{"line":20,"column":43},"end":{"line":20,"column":45}},{"start":{"line":20,"column":43},"end":{"line":20,"column":54}}]},"31":{"loc":{"start":{"line":20,"column":36},"end":{"line":20,"column":45}},"type":"binary-expr","locations":[{"start":{"line":20,"column":36},"end":{"line":20,"column":45}},{"start":{"line":20,"column":43},"end":{"line":20,"column":45}}]},"32":{"loc":{"start":{"line":21,"column":31},"end":{"line":21,"column":56}},"type":"cond-expr","locations":[{"start":{"line":21,"column":49},"end":{"line":21,"column":51}},{"start":{"line":21,"column":49},"end":{"line":21,"column":56}}]},"33":{"loc":{"start":{"line":21,"column":31},"end":{"line":21,"column":51}},"type":"binary-expr","locations":[{"start":{"line":21,"column":31},"end":{"line":21,"column":51}},{"start":{"line":21,"column":49},"end":{"line":21,"column":51}}]},"34":{"loc":{"start":{"line":21,"column":31},"end":{"line":21,"column":49}},"type":"cond-expr","locations":[{"start":{"line":21,"column":38},"end":{"line":21,"column":40}},{"start":{"line":21,"column":38},"end":{"line":21,"column":49}}]},"35":{"loc":{"start":{"line":21,"column":31},"end":{"line":21,"column":40}},"type":"binary-expr","locations":[{"start":{"line":21,"column":31},"end":{"line":21,"column":40}},{"start":{"line":21,"column":38},"end":{"line":21,"column":40}}]},"36":{"loc":{"start":{"line":29,"column":19},"end":{"line":29,"column":44}},"type":"cond-expr","locations":[{"start":{"line":29,"column":37},"end":{"line":29,"column":39}},{"start":{"line":29,"column":37},"end":{"line":29,"column":44}}]},"37":{"loc":{"start":{"line":29,"column":19},"end":{"line":29,"column":39}},"type":"binary-expr","locations":[{"start":{"line":29,"column":19},"end":{"line":29,"column":39}},{"start":{"line":29,"column":37},"end":{"line":29,"column":39}}]},"38":{"loc":{"start":{"line":29,"column":19},"end":{"line":29,"column":37}},"type":"cond-expr","locations":[{"start":{"line":29,"column":26},"end":{"line":29,"column":28}},{"start":{"line":29,"column":26},"end":{"line":29,"column":37}}]},"39":{"loc":{"start":{"line":29,"column":19},"end":{"line":29,"column":28}},"type":"binary-expr","locations":[{"start":{"line":29,"column":19},"end":{"line":29,"column":28}},{"start":{"line":29,"column":26},"end":{"line":29,"column":28}}]},"40":{"loc":{"start":{"line":32,"column":19},"end":{"line":32,"column":44}},"type":"cond-expr","locations":[{"start":{"line":32,"column":37},"end":{"line":32,"column":39}},{"start":{"line":32,"column":37},"end":{"line":32,"column":44}}]},"41":{"loc":{"start":{"line":32,"column":19},"end":{"line":32,"column":39}},"type":"binary-expr","locations":[{"start":{"line":32,"column":19},"end":{"line":32,"column":39}},{"start":{"line":32,"column":37},"end":{"line":32,"column":39}}]},"42":{"loc":{"start":{"line":32,"column":19},"end":{"line":32,"column":37}},"type":"cond-expr","locations":[{"start":{"line":32,"column":26},"end":{"line":32,"column":28}},{"start":{"line":32,"column":26},"end":{"line":32,"column":37}}]},"43":{"loc":{"start":{"line":32,"column":19},"end":{"line":32,"column":28}},"type":"binary-expr","locations":[{"start":{"line":32,"column":19},"end":{"line":32,"column":28}},{"start":{"line":32,"column":26},"end":{"line":32,"column":28}}]},"44":{"loc":{"start":{"line":39,"column":16},"end":{"line":39,"column":41}},"type":"cond-expr","locations":[{"start":{"line":39,"column":34},"end":{"line":39,"column":36}},{"start":{"line":39,"column":34},"end":{"line":39,"column":41}}]},"45":{"loc":{"start":{"line":39,"column":16},"end":{"line":39,"column":36}},"type":"binary-expr","locations":[{"start":{"line":39,"column":16},"end":{"line":39,"column":36}},{"start":{"line":39,"column":34},"end":{"line":39,"column":36}}]},"46":{"loc":{"start":{"line":39,"column":16},"end":{"line":39,"column":34}},"type":"cond-expr","locations":[{"start":{"line":39,"column":23},"end":{"line":39,"column":25}},{"start":{"line":39,"column":23},"end":{"line":39,"column":34}}]},"47":{"loc":{"start":{"line":39,"column":16},"end":{"line":39,"column":25}},"type":"binary-expr","locations":[{"start":{"line":39,"column":16},"end":{"line":39,"column":25}},{"start":{"line":39,"column":23},"end":{"line":39,"column":25}}]}},"s":{"0":2,"1":2,"2":2,"3":2,"4":2,"5":2,"6":1,"7":1,"8":0,"9":0,"10":0,"11":0,"12":0,"13":1,"14":1,"15":2},"f":{"0":1},"b":{"0":[0,1],"1":[1,1],"2":[0,1],"3":[1,1],"4":[0,0],"5":[0,0],"6":[0,0],"7":[0,0],"8":[0,0],"9":[0,0],"10":[0,0],"11":[0,0],"12":[0,0],"13":[0,0],"14":[0,0],"15":[0,0],"16":[0,0],"17":[0,0],"18":[0,0],"19":[0,0],"20":[0,0],"21":[0,0],"22":[0,0],"23":[0,0],"24":[0,0],"25":[0,0],"26":[0,0],"27":[0,0],"28":[0,0],"29":[0,0],"30":[0,0],"31":[0,0],"32":[0,0],"33":[0,0],"34":[0,0],"35":[0,0],"36":[0,0],"37":[0,0],"38":[0,0],"39":[0,0],"40":[0,0],"41":[0,0],"42":[0,0],"43":[0,0],"44":[0,0],"45":[0,0],"46":[0,0],"47":[0,0]}}
,"/data/sync/sync/src/helpers/order.helper.ts": {"path":"/data/sync/sync/src/helpers/order.helper.ts","statementMap":{"0":{"start":{"line":1,"column":15},"end":{"line":1,"column":38}},"1":{"start":{"line":2,"column":0},"end":{"line":2,"column":62}},"2":{"start":{"line":3,"column":0},"end":{"line":3,"column":42}},"3":{"start":{"line":5,"column":18},"end":{"line":27,"column":1}},"4":{"start":{"line":6,"column":19},"end":{"line":6,"column":77}},"5":{"start":{"line":7,"column":21},"end":{"line":7,"column":79}},"6":{"start":{"line":8,"column":3},"end":{"line":26,"column":4}},"7":{"start":{"line":9,"column":19},"end":{"line":18,"column":8}},"8":{"start":{"line":20,"column":20},"end":{"line":20,"column":35}},"9":{"start":{"line":21,"column":6},"end":{"line":21,"column":25}},"10":{"start":{"line":22,"column":6},"end":{"line":22,"column":61}},"11":{"start":{"line":24,"column":6},"end":{"line":24,"column":37}},"12":{"start":{"line":25,"column":6},"end":{"line":25,"column":22}},"13":{"start":{"line":29,"column":0},"end":{"line":29,"column":25}}},"fnMap":{"0":{"name":"(anonymous_1)","decl":{"start":{"line":5,"column":18},"end":{"line":5,"column":23}},"loc":{"start":{"line":5,"column":55},"end":{"line":27,"column":1}}}},"branchMap":{"0":{"loc":{"start":{"line":6,"column":19},"end":{"line":6,"column":77}},"type":"cond-expr","locations":[{"start":{"line":6,"column":65},"end":{"line":6,"column":69}},{"start":{"line":6,"column":72},"end":{"line":6,"column":77}}]},"1":{"loc":{"start":{"line":6,"column":19},"end":{"line":6,"column":44}},"type":"cond-expr","locations":[{"start":{"line":6,"column":37},"end":{"line":6,"column":39}},{"start":{"line":6,"column":37},"end":{"line":6,"column":44}}]},"2":{"loc":{"start":{"line":6,"column":19},"end":{"line":6,"column":39}},"type":"binary-expr","locations":[{"start":{"line":6,"column":19},"end":{"line":6,"column":39}},{"start":{"line":6,"column":37},"end":{"line":6,"column":39}}]},"3":{"loc":{"start":{"line":6,"column":19},"end":{"line":6,"column":37}},"type":"cond-expr","locations":[{"start":{"line":6,"column":26},"end":{"line":6,"column":28}},{"start":{"line":6,"column":26},"end":{"line":6,"column":37}}]},"4":{"loc":{"start":{"line":6,"column":19},"end":{"line":6,"column":28}},"type":"binary-expr","locations":[{"start":{"line":6,"column":19},"end":{"line":6,"column":28}},{"start":{"line":6,"column":26},"end":{"line":6,"column":28}}]},"5":{"loc":{"start":{"line":7,"column":21},"end":{"line":7,"column":79}},"type":"cond-expr","locations":[{"start":{"line":7,"column":67},"end":{"line":7,"column":71}},{"start":{"line":7,"column":74},"end":{"line":7,"column":79}}]},"6":{"loc":{"start":{"line":7,"column":21},"end":{"line":7,"column":46}},"type":"cond-expr","locations":[{"start":{"line":7,"column":39},"end":{"line":7,"column":41}},{"start":{"line":7,"column":39},"end":{"line":7,"column":46}}]},"7":{"loc":{"start":{"line":7,"column":21},"end":{"line":7,"column":41}},"type":"binary-expr","locations":[{"start":{"line":7,"column":21},"end":{"line":7,"column":41}},{"start":{"line":7,"column":39},"end":{"line":7,"column":41}}]},"8":{"loc":{"start":{"line":7,"column":21},"end":{"line":7,"column":39}},"type":"cond-expr","locations":[{"start":{"line":7,"column":28},"end":{"line":7,"column":30}},{"start":{"line":7,"column":28},"end":{"line":7,"column":39}}]},"9":{"loc":{"start":{"line":7,"column":21},"end":{"line":7,"column":30}},"type":"binary-expr","locations":[{"start":{"line":7,"column":21},"end":{"line":7,"column":30}},{"start":{"line":7,"column":28},"end":{"line":7,"column":30}}]},"10":{"loc":{"start":{"line":11,"column":25},"end":{"line":11,"column":50}},"type":"cond-expr","locations":[{"start":{"line":11,"column":43},"end":{"line":11,"column":45}},{"start":{"line":11,"column":43},"end":{"line":11,"column":50}}]},"11":{"loc":{"start":{"line":11,"column":25},"end":{"line":11,"column":45}},"type":"binary-expr","locations":[{"start":{"line":11,"column":25},"end":{"line":11,"column":45}},{"start":{"line":11,"column":43},"end":{"line":11,"column":45}}]},"12":{"loc":{"start":{"line":11,"column":25},"end":{"line":11,"column":43}},"type":"cond-expr","locations":[{"start":{"line":11,"column":32},"end":{"line":11,"column":34}},{"start":{"line":11,"column":32},"end":{"line":11,"column":43}}]},"13":{"loc":{"start":{"line":11,"column":25},"end":{"line":11,"column":34}},"type":"binary-expr","locations":[{"start":{"line":11,"column":25},"end":{"line":11,"column":34}},{"start":{"line":11,"column":32},"end":{"line":11,"column":34}}]},"14":{"loc":{"start":{"line":12,"column":24},"end":{"line":12,"column":49}},"type":"cond-expr","locations":[{"start":{"line":12,"column":42},"end":{"line":12,"column":44}},{"start":{"line":12,"column":42},"end":{"line":12,"column":49}}]},"15":{"loc":{"start":{"line":12,"column":24},"end":{"line":12,"column":44}},"type":"binary-expr","locations":[{"start":{"line":12,"column":24},"end":{"line":12,"column":44}},{"start":{"line":12,"column":42},"end":{"line":12,"column":44}}]},"16":{"loc":{"start":{"line":12,"column":24},"end":{"line":12,"column":42}},"type":"cond-expr","locations":[{"start":{"line":12,"column":31},"end":{"line":12,"column":33}},{"start":{"line":12,"column":31},"end":{"line":12,"column":42}}]},"17":{"loc":{"start":{"line":12,"column":24},"end":{"line":12,"column":33}},"type":"binary-expr","locations":[{"start":{"line":12,"column":24},"end":{"line":12,"column":33}},{"start":{"line":12,"column":31},"end":{"line":12,"column":33}}]},"18":{"loc":{"start":{"line":14,"column":17},"end":{"line":14,"column":42}},"type":"cond-expr","locations":[{"start":{"line":14,"column":35},"end":{"line":14,"column":37}},{"start":{"line":14,"column":35},"end":{"line":14,"column":42}}]},"19":{"loc":{"start":{"line":14,"column":17},"end":{"line":14,"column":37}},"type":"binary-expr","locations":[{"start":{"line":14,"column":17},"end":{"line":14,"column":37}},{"start":{"line":14,"column":35},"end":{"line":14,"column":37}}]},"20":{"loc":{"start":{"line":14,"column":17},"end":{"line":14,"column":35}},"type":"cond-expr","locations":[{"start":{"line":14,"column":24},"end":{"line":14,"column":26}},{"start":{"line":14,"column":24},"end":{"line":14,"column":35}}]},"21":{"loc":{"start":{"line":14,"column":17},"end":{"line":14,"column":26}},"type":"binary-expr","locations":[{"start":{"line":14,"column":17},"end":{"line":14,"column":26}},{"start":{"line":14,"column":24},"end":{"line":14,"column":26}}]},"22":{"loc":{"start":{"line":15,"column":21},"end":{"line":15,"column":46}},"type":"cond-expr","locations":[{"start":{"line":15,"column":39},"end":{"line":15,"column":41}},{"start":{"line":15,"column":39},"end":{"line":15,"column":46}}]},"23":{"loc":{"start":{"line":15,"column":21},"end":{"line":15,"column":41}},"type":"binary-expr","locations":[{"start":{"line":15,"column":21},"end":{"line":15,"column":41}},{"start":{"line":15,"column":39},"end":{"line":15,"column":41}}]},"24":{"loc":{"start":{"line":15,"column":21},"end":{"line":15,"column":39}},"type":"cond-expr","locations":[{"start":{"line":15,"column":28},"end":{"line":15,"column":30}},{"start":{"line":15,"column":28},"end":{"line":15,"column":39}}]},"25":{"loc":{"start":{"line":15,"column":21},"end":{"line":15,"column":30}},"type":"binary-expr","locations":[{"start":{"line":15,"column":21},"end":{"line":15,"column":30}},{"start":{"line":15,"column":28},"end":{"line":15,"column":30}}]}},"s":{"0":2,"1":2,"2":2,"3":2,"4":3,"5":3,"6":3,"7":3,"8":3,"9":3,"10":2,"11":1,"12":1,"13":2},"f":{"0":3},"b":{"0":[2,1],"1":[0,3],"2":[3,3],"3":[0,3],"4":[3,3],"5":[2,1],"6":[0,3],"7":[3,3],"8":[0,3],"9":[3,3],"10":[0,3],"11":[3,3],"12":[0,3],"13":[3,3],"14":[0,3],"15":[3,3],"16":[0,3],"17":[3,3],"18":[0,3],"19":[3,3],"20":[0,3],"21":[3,3],"22":[0,3],"23":[3,3],"24":[0,3],"25":[3,3]}}
,"/data/sync/sync/src/helpers/result.helper.ts": {"path":"/data/sync/sync/src/helpers/result.helper.ts","statementMap":{"0":{"start":{"line":1,"column":0},"end":{"line":1,"column":62}},"1":{"start":{"line":2,"column":0},"end":{"line":2,"column":42}},"2":{"start":{"line":3,"column":15},"end":{"line":3,"column":38}},"3":{"start":{"line":5,"column":20},"end":{"line":23,"column":1}},"4":{"start":{"line":6,"column":19},"end":{"line":6,"column":44}},"5":{"start":{"line":7,"column":19},"end":{"line":7,"column":77}},"6":{"start":{"line":8,"column":3},"end":{"line":22,"column":4}},"7":{"start":{"line":9,"column":6},"end":{"line":12,"column":8}},"8":{"start":{"line":13,"column":6},"end":{"line":16,"column":8}},"9":{"start":{"line":18,"column":6},"end":{"line":18,"column":76}},"10":{"start":{"line":20,"column":6},"end":{"line":20,"column":37}},"11":{"start":{"line":21,"column":6},"end":{"line":21,"column":22}},"12":{"start":{"line":25,"column":0},"end":{"line":25,"column":27}}},"fnMap":{"0":{"name":"(anonymous_1)","decl":{"start":{"line":5,"column":20},"end":{"line":5,"column":25}},"loc":{"start":{"line":5,"column":40},"end":{"line":23,"column":1}}}},"branchMap":{"0":{"loc":{"start":{"line":6,"column":19},"end":{"line":6,"column":44}},"type":"cond-expr","locations":[{"start":{"line":6,"column":37},"end":{"line":6,"column":39}},{"start":{"line":6,"column":37},"end":{"line":6,"column":44}}]},"1":{"loc":{"start":{"line":6,"column":19},"end":{"line":6,"column":39}},"type":"binary-expr","locations":[{"start":{"line":6,"column":19},"end":{"line":6,"column":39}},{"start":{"line":6,"column":37},"end":{"line":6,"column":39}}]},"2":{"loc":{"start":{"line":6,"column":19},"end":{"line":6,"column":37}},"type":"cond-expr","locations":[{"start":{"line":6,"column":26},"end":{"line":6,"column":28}},{"start":{"line":6,"column":26},"end":{"line":6,"column":37}}]},"3":{"loc":{"start":{"line":6,"column":19},"end":{"line":6,"column":28}},"type":"binary-expr","locations":[{"start":{"line":6,"column":19},"end":{"line":6,"column":28}},{"start":{"line":6,"column":26},"end":{"line":6,"column":28}}]},"4":{"loc":{"start":{"line":7,"column":19},"end":{"line":7,"column":77}},"type":"cond-expr","locations":[{"start":{"line":7,"column":65},"end":{"line":7,"column":69}},{"start":{"line":7,"column":72},"end":{"line":7,"column":77}}]},"5":{"loc":{"start":{"line":7,"column":19},"end":{"line":7,"column":44}},"type":"cond-expr","locations":[{"start":{"line":7,"column":37},"end":{"line":7,"column":39}},{"start":{"line":7,"column":37},"end":{"line":7,"column":44}}]},"6":{"loc":{"start":{"line":7,"column":19},"end":{"line":7,"column":39}},"type":"binary-expr","locations":[{"start":{"line":7,"column":19},"end":{"line":7,"column":39}},{"start":{"line":7,"column":37},"end":{"line":7,"column":39}}]},"7":{"loc":{"start":{"line":7,"column":19},"end":{"line":7,"column":37}},"type":"cond-expr","locations":[{"start":{"line":7,"column":26},"end":{"line":7,"column":28}},{"start":{"line":7,"column":26},"end":{"line":7,"column":37}}]},"8":{"loc":{"start":{"line":7,"column":19},"end":{"line":7,"column":28}},"type":"binary-expr","locations":[{"start":{"line":7,"column":19},"end":{"line":7,"column":28}},{"start":{"line":7,"column":26},"end":{"line":7,"column":28}}]}},"s":{"0":2,"1":2,"2":2,"3":2,"4":3,"5":3,"6":3,"7":3,"8":2,"9":2,"10":1,"11":1,"12":2},"f":{"0":3},"b":{"0":[0,3],"1":[3,3],"2":[0,3],"3":[3,3],"4":[3,0],"5":[0,3],"6":[3,3],"7":[0,3],"8":[3,3]}}
,"/data/sync/sync/src/helpers/saveUpdateBetClosure.helper.ts": {"path":"/data/sync/sync/src/helpers/saveUpdateBetClosure.helper.ts","statementMap":{"0":{"start":{"line":1,"column":15},"end":{"line":1,"column":38}},"1":{"start":{"line":2,"column":0},"end":{"line":2,"column":44}},"2":{"start":{"line":3,"column":0},"end":{"line":3,"column":57}},"3":{"start":{"line":5,"column":29},"end":{"line":28,"column":1}},"4":{"start":{"line":6,"column":3},"end":{"line":27,"column":4}},"5":{"start":{"line":7,"column":21},"end":{"line":14,"column":null}},"6":{"start":{"line":17,"column":6},"end":{"line":21,"column":8}},"7":{"start":{"line":23,"column":6},"end":{"line":23,"column":20}},"8":{"start":{"line":25,"column":6},"end":{"line":25,"column":37}},"9":{"start":{"line":26,"column":6},"end":{"line":26,"column":19}},"10":{"start":{"line":30,"column":0},"end":{"line":30,"column":36}}},"fnMap":{"0":{"name":"(anonymous_1)","decl":{"start":{"line":5,"column":29},"end":{"line":5,"column":34}},"loc":{"start":{"line":5,"column":49},"end":{"line":28,"column":1}}}},"branchMap":{"0":{"loc":{"start":{"line":8,"column":20},"end":{"line":8,"column":45}},"type":"cond-expr","locations":[{"start":{"line":8,"column":38},"end":{"line":8,"column":40}},{"start":{"line":8,"column":38},"end":{"line":8,"column":45}}]},"1":{"loc":{"start":{"line":8,"column":20},"end":{"line":8,"column":40}},"type":"binary-expr","locations":[{"start":{"line":8,"column":20},"end":{"line":8,"column":40}},{"start":{"line":8,"column":38},"end":{"line":8,"column":40}}]},"2":{"loc":{"start":{"line":8,"column":20},"end":{"line":8,"column":38}},"type":"cond-expr","locations":[{"start":{"line":8,"column":27},"end":{"line":8,"column":29}},{"start":{"line":8,"column":27},"end":{"line":8,"column":38}}]},"3":{"loc":{"start":{"line":8,"column":20},"end":{"line":8,"column":29}},"type":"binary-expr","locations":[{"start":{"line":8,"column":20},"end":{"line":8,"column":29}},{"start":{"line":8,"column":27},"end":{"line":8,"column":29}}]},"4":{"loc":{"start":{"line":10,"column":32},"end":{"line":10,"column":57}},"type":"cond-expr","locations":[{"start":{"line":10,"column":50},"end":{"line":10,"column":52}},{"start":{"line":10,"column":50},"end":{"line":10,"column":57}}]},"5":{"loc":{"start":{"line":10,"column":32},"end":{"line":10,"column":52}},"type":"binary-expr","locations":[{"start":{"line":10,"column":32},"end":{"line":10,"column":52}},{"start":{"line":10,"column":50},"end":{"line":10,"column":52}}]},"6":{"loc":{"start":{"line":10,"column":32},"end":{"line":10,"column":50}},"type":"cond-expr","locations":[{"start":{"line":10,"column":39},"end":{"line":10,"column":41}},{"start":{"line":10,"column":39},"end":{"line":10,"column":50}}]},"7":{"loc":{"start":{"line":10,"column":32},"end":{"line":10,"column":41}},"type":"binary-expr","locations":[{"start":{"line":10,"column":32},"end":{"line":10,"column":41}},{"start":{"line":10,"column":39},"end":{"line":10,"column":41}}]},"8":{"loc":{"start":{"line":12,"column":22},"end":{"line":12,"column":47}},"type":"cond-expr","locations":[{"start":{"line":12,"column":40},"end":{"line":12,"column":42}},{"start":{"line":12,"column":40},"end":{"line":12,"column":47}}]},"9":{"loc":{"start":{"line":12,"column":22},"end":{"line":12,"column":42}},"type":"binary-expr","locations":[{"start":{"line":12,"column":22},"end":{"line":12,"column":42}},{"start":{"line":12,"column":40},"end":{"line":12,"column":42}}]},"10":{"loc":{"start":{"line":12,"column":22},"end":{"line":12,"column":40}},"type":"cond-expr","locations":[{"start":{"line":12,"column":29},"end":{"line":12,"column":31}},{"start":{"line":12,"column":29},"end":{"line":12,"column":40}}]},"11":{"loc":{"start":{"line":12,"column":22},"end":{"line":12,"column":31}},"type":"binary-expr","locations":[{"start":{"line":12,"column":22},"end":{"line":12,"column":31}},{"start":{"line":12,"column":29},"end":{"line":12,"column":31}}]},"12":{"loc":{"start":{"line":19,"column":9},"end":{"line":19,"column":34}},"type":"cond-expr","locations":[{"start":{"line":19,"column":27},"end":{"line":19,"column":29}},{"start":{"line":19,"column":27},"end":{"line":19,"column":34}}]},"13":{"loc":{"start":{"line":19,"column":9},"end":{"line":19,"column":29}},"type":"binary-expr","locations":[{"start":{"line":19,"column":9},"end":{"line":19,"column":29}},{"start":{"line":19,"column":27},"end":{"line":19,"column":29}}]},"14":{"loc":{"start":{"line":19,"column":9},"end":{"line":19,"column":27}},"type":"cond-expr","locations":[{"start":{"line":19,"column":16},"end":{"line":19,"column":18}},{"start":{"line":19,"column":16},"end":{"line":19,"column":27}}]},"15":{"loc":{"start":{"line":19,"column":9},"end":{"line":19,"column":18}},"type":"binary-expr","locations":[{"start":{"line":19,"column":9},"end":{"line":19,"column":18}},{"start":{"line":19,"column":16},"end":{"line":19,"column":18}}]},"16":{"loc":{"start":{"line":20,"column":9},"end":{"line":20,"column":34}},"type":"cond-expr","locations":[{"start":{"line":20,"column":27},"end":{"line":20,"column":29}},{"start":{"line":20,"column":27},"end":{"line":20,"column":34}}]},"17":{"loc":{"start":{"line":20,"column":9},"end":{"line":20,"column":29}},"type":"binary-expr","locations":[{"start":{"line":20,"column":9},"end":{"line":20,"column":29}},{"start":{"line":20,"column":27},"end":{"line":20,"column":29}}]},"18":{"loc":{"start":{"line":20,"column":9},"end":{"line":20,"column":27}},"type":"cond-expr","locations":[{"start":{"line":20,"column":16},"end":{"line":20,"column":18}},{"start":{"line":20,"column":16},"end":{"line":20,"column":27}}]},"19":{"loc":{"start":{"line":20,"column":9},"end":{"line":20,"column":18}},"type":"binary-expr","locations":[{"start":{"line":20,"column":9},"end":{"line":20,"column":18}},{"start":{"line":20,"column":16},"end":{"line":20,"column":18}}]}},"s":{"0":2,"1":2,"2":2,"3":2,"4":1,"5":1,"6":0,"7":0,"8":1,"9":1,"10":2},"f":{"0":1},"b":{"0":[0,1],"1":[1,1],"2":[0,1],"3":[1,1],"4":[0,1],"5":[1,1],"6":[0,1],"7":[1,1],"8":[0,1],"9":[1,1],"10":[0,1],"11":[1,1],"12":[0,0],"13":[0,0],"14":[0,0],"15":[0,0],"16":[0,0],"17":[0,0],"18":[0,0],"19":[0,0]}}
,"/data/sync/sync/src/helpers/socket.helper.ts": {"path":"/data/sync/sync/src/helpers/socket.helper.ts","statementMap":{"0":{"start":{"line":1,"column":0},"end":{"line":1,"column":68}},"1":{"start":{"line":3,"column":19},"end":{"line":3,"column":39}},"2":{"start":{"line":9,"column":6},"end":{"line":9,"column":19}},"3":{"start":{"line":10,"column":6},"end":{"line":10,"column":29}},"4":{"start":{"line":14,"column":6},"end":{"line":20,"column":12}},"5":{"start":{"line":16,"column":12},"end":{"line":16,"column":39}},"6":{"start":{"line":19,"column":12},"end":{"line":19,"column":58}},"7":{"start":{"line":24,"column":0},"end":{"line":24,"column":28}}},"fnMap":{"0":{"name":"(anonymous_0)","decl":{"start":{"line":8,"column":3},"end":{"line":8,"column":15}},"loc":{"start":{"line":8,"column":22},"end":{"line":11,"column":4}}},"1":{"name":"(anonymous_1)","decl":{"start":{"line":13,"column":3},"end":{"line":13,"column":18}},"loc":{"start":{"line":13,"column":18},"end":{"line":21,"column":4}}},"2":{"name":"(anonymous_2)","decl":{"start":{"line":15,"column":37},"end":{"line":15,"column":40}},"loc":{"start":{"line":15,"column":42},"end":{"line":17,"column":10}}},"3":{"name":"(anonymous_3)","decl":{"start":{"line":18,"column":32},"end":{"line":18,"column":33}},"loc":{"start":{"line":18,"column":47},"end":{"line":20,"column":10}}}},"branchMap":{},"s":{"0":2,"1":2,"2":3,"3":3,"4":3,"5":1,"6":1,"7":2},"f":{"0":3,"1":3,"2":1,"3":1},"b":{}}
,"/data/sync/sync/src/helpers/socketEvent.helper.ts": {"path":"/data/sync/sync/src/helpers/socketEvent.helper.ts","statementMap":{"0":{"start":{"line":3,"column":29},"end":{"line":3,"column":35}},"1":{"start":{"line":4,"column":6},"end":{"line":4,"column":45}},"2":{"start":{"line":8,"column":0},"end":{"line":8,"column":40}}},"fnMap":{"0":{"name":"(anonymous_0)","decl":{"start":{"line":2,"column":3},"end":{"line":2,"column":14}},"loc":{"start":{"line":2,"column":43},"end":{"line":5,"column":4}}}},"branchMap":{},"s":{"0":2,"1":2,"2":1},"f":{"0":2},"b":{}}
,"/data/sync/sync/src/helpers/updateExpireTime.helper.ts": {"path":"/data/sync/sync/src/helpers/updateExpireTime.helper.ts","statementMap":{"0":{"start":{"line":1,"column":15},"end":{"line":1,"column":38}},"1":{"start":{"line":2,"column":0},"end":{"line":2,"column":44}},"2":{"start":{"line":3,"column":0},"end":{"line":3,"column":57}},"3":{"start":{"line":5,"column":26},"end":{"line":34,"column":1}},"4":{"start":{"line":6,"column":3},"end":{"line":33,"column":4}},"5":{"start":{"line":7,"column":21},"end":{"line":19,"column":null}},"6":{"start":{"line":22,"column":6},"end":{"line":27,"column":8}},"7":{"start":{"line":29,"column":6},"end":{"line":29,"column":20}},"8":{"start":{"line":31,"column":6},"end":{"line":31,"column":37}},"9":{"start":{"line":32,"column":6},"end":{"line":32,"column":19}},"10":{"start":{"line":36,"column":0},"end":{"line":36,"column":33}}},"fnMap":{"0":{"name":"(anonymous_1)","decl":{"start":{"line":5,"column":26},"end":{"line":5,"column":31}},"loc":{"start":{"line":5,"column":46},"end":{"line":34,"column":1}}}},"branchMap":{"0":{"loc":{"start":{"line":8,"column":20},"end":{"line":8,"column":45}},"type":"cond-expr","locations":[{"start":{"line":8,"column":38},"end":{"line":8,"column":40}},{"start":{"line":8,"column":38},"end":{"line":8,"column":45}}]},"1":{"loc":{"start":{"line":8,"column":20},"end":{"line":8,"column":40}},"type":"binary-expr","locations":[{"start":{"line":8,"column":20},"end":{"line":8,"column":40}},{"start":{"line":8,"column":38},"end":{"line":8,"column":40}}]},"2":{"loc":{"start":{"line":8,"column":20},"end":{"line":8,"column":38}},"type":"cond-expr","locations":[{"start":{"line":8,"column":27},"end":{"line":8,"column":29}},{"start":{"line":8,"column":27},"end":{"line":8,"column":38}}]},"3":{"loc":{"start":{"line":8,"column":20},"end":{"line":8,"column":29}},"type":"binary-expr","locations":[{"start":{"line":8,"column":20},"end":{"line":8,"column":29}},{"start":{"line":8,"column":27},"end":{"line":8,"column":29}}]},"4":{"loc":{"start":{"line":10,"column":28},"end":{"line":10,"column":53}},"type":"cond-expr","locations":[{"start":{"line":10,"column":46},"end":{"line":10,"column":48}},{"start":{"line":10,"column":46},"end":{"line":10,"column":53}}]},"5":{"loc":{"start":{"line":10,"column":28},"end":{"line":10,"column":48}},"type":"binary-expr","locations":[{"start":{"line":10,"column":28},"end":{"line":10,"column":48}},{"start":{"line":10,"column":46},"end":{"line":10,"column":48}}]},"6":{"loc":{"start":{"line":10,"column":28},"end":{"line":10,"column":46}},"type":"cond-expr","locations":[{"start":{"line":10,"column":35},"end":{"line":10,"column":37}},{"start":{"line":10,"column":35},"end":{"line":10,"column":46}}]},"7":{"loc":{"start":{"line":10,"column":28},"end":{"line":10,"column":37}},"type":"binary-expr","locations":[{"start":{"line":10,"column":28},"end":{"line":10,"column":37}},{"start":{"line":10,"column":35},"end":{"line":10,"column":37}}]},"8":{"loc":{"start":{"line":11,"column":32},"end":{"line":11,"column":57}},"type":"cond-expr","locations":[{"start":{"line":11,"column":50},"end":{"line":11,"column":52}},{"start":{"line":11,"column":50},"end":{"line":11,"column":57}}]},"9":{"loc":{"start":{"line":11,"column":32},"end":{"line":11,"column":52}},"type":"binary-expr","locations":[{"start":{"line":11,"column":32},"end":{"line":11,"column":52}},{"start":{"line":11,"column":50},"end":{"line":11,"column":52}}]},"10":{"loc":{"start":{"line":11,"column":32},"end":{"line":11,"column":50}},"type":"cond-expr","locations":[{"start":{"line":11,"column":39},"end":{"line":11,"column":41}},{"start":{"line":11,"column":39},"end":{"line":11,"column":50}}]},"11":{"loc":{"start":{"line":11,"column":32},"end":{"line":11,"column":41}},"type":"binary-expr","locations":[{"start":{"line":11,"column":32},"end":{"line":11,"column":41}},{"start":{"line":11,"column":39},"end":{"line":11,"column":41}}]},"12":{"loc":{"start":{"line":13,"column":22},"end":{"line":13,"column":47}},"type":"cond-expr","locations":[{"start":{"line":13,"column":40},"end":{"line":13,"column":42}},{"start":{"line":13,"column":40},"end":{"line":13,"column":47}}]},"13":{"loc":{"start":{"line":13,"column":22},"end":{"line":13,"column":42}},"type":"binary-expr","locations":[{"start":{"line":13,"column":22},"end":{"line":13,"column":42}},{"start":{"line":13,"column":40},"end":{"line":13,"column":42}}]},"14":{"loc":{"start":{"line":13,"column":22},"end":{"line":13,"column":40}},"type":"cond-expr","locations":[{"start":{"line":13,"column":29},"end":{"line":13,"column":31}},{"start":{"line":13,"column":29},"end":{"line":13,"column":40}}]},"15":{"loc":{"start":{"line":13,"column":22},"end":{"line":13,"column":31}},"type":"binary-expr","locations":[{"start":{"line":13,"column":22},"end":{"line":13,"column":31}},{"start":{"line":13,"column":29},"end":{"line":13,"column":31}}]},"16":{"loc":{"start":{"line":16,"column":22},"end":{"line":16,"column":47}},"type":"cond-expr","locations":[{"start":{"line":16,"column":40},"end":{"line":16,"column":42}},{"start":{"line":16,"column":40},"end":{"line":16,"column":47}}]},"17":{"loc":{"start":{"line":16,"column":22},"end":{"line":16,"column":42}},"type":"binary-expr","locations":[{"start":{"line":16,"column":22},"end":{"line":16,"column":42}},{"start":{"line":16,"column":40},"end":{"line":16,"column":42}}]},"18":{"loc":{"start":{"line":16,"column":22},"end":{"line":16,"column":40}},"type":"cond-expr","locations":[{"start":{"line":16,"column":29},"end":{"line":16,"column":31}},{"start":{"line":16,"column":29},"end":{"line":16,"column":40}}]},"19":{"loc":{"start":{"line":16,"column":22},"end":{"line":16,"column":31}},"type":"binary-expr","locations":[{"start":{"line":16,"column":22},"end":{"line":16,"column":31}},{"start":{"line":16,"column":29},"end":{"line":16,"column":31}}]},"20":{"loc":{"start":{"line":18,"column":31},"end":{"line":18,"column":56}},"type":"cond-expr","locations":[{"start":{"line":18,"column":49},"end":{"line":18,"column":51}},{"start":{"line":18,"column":49},"end":{"line":18,"column":56}}]},"21":{"loc":{"start":{"line":18,"column":31},"end":{"line":18,"column":51}},"type":"binary-expr","locations":[{"start":{"line":18,"column":31},"end":{"line":18,"column":51}},{"start":{"line":18,"column":49},"end":{"line":18,"column":51}}]},"22":{"loc":{"start":{"line":18,"column":31},"end":{"line":18,"column":49}},"type":"cond-expr","locations":[{"start":{"line":18,"column":38},"end":{"line":18,"column":40}},{"start":{"line":18,"column":38},"end":{"line":18,"column":49}}]},"23":{"loc":{"start":{"line":18,"column":31},"end":{"line":18,"column":40}},"type":"binary-expr","locations":[{"start":{"line":18,"column":31},"end":{"line":18,"column":40}},{"start":{"line":18,"column":38},"end":{"line":18,"column":40}}]},"24":{"loc":{"start":{"line":24,"column":9},"end":{"line":24,"column":34}},"type":"cond-expr","locations":[{"start":{"line":24,"column":27},"end":{"line":24,"column":29}},{"start":{"line":24,"column":27},"end":{"line":24,"column":34}}]},"25":{"loc":{"start":{"line":24,"column":9},"end":{"line":24,"column":29}},"type":"binary-expr","locations":[{"start":{"line":24,"column":9},"end":{"line":24,"column":29}},{"start":{"line":24,"column":27},"end":{"line":24,"column":29}}]},"26":{"loc":{"start":{"line":24,"column":9},"end":{"line":24,"column":27}},"type":"cond-expr","locations":[{"start":{"line":24,"column":16},"end":{"line":24,"column":18}},{"start":{"line":24,"column":16},"end":{"line":24,"column":27}}]},"27":{"loc":{"start":{"line":24,"column":9},"end":{"line":24,"column":18}},"type":"binary-expr","locations":[{"start":{"line":24,"column":9},"end":{"line":24,"column":18}},{"start":{"line":24,"column":16},"end":{"line":24,"column":18}}]},"28":{"loc":{"start":{"line":25,"column":34},"end":{"line":25,"column":59}},"type":"cond-expr","locations":[{"start":{"line":25,"column":52},"end":{"line":25,"column":54}},{"start":{"line":25,"column":52},"end":{"line":25,"column":59}}]},"29":{"loc":{"start":{"line":25,"column":34},"end":{"line":25,"column":54}},"type":"binary-expr","locations":[{"start":{"line":25,"column":34},"end":{"line":25,"column":54}},{"start":{"line":25,"column":52},"end":{"line":25,"column":54}}]},"30":{"loc":{"start":{"line":25,"column":34},"end":{"line":25,"column":52}},"type":"cond-expr","locations":[{"start":{"line":25,"column":41},"end":{"line":25,"column":43}},{"start":{"line":25,"column":41},"end":{"line":25,"column":52}}]},"31":{"loc":{"start":{"line":25,"column":34},"end":{"line":25,"column":43}},"type":"binary-expr","locations":[{"start":{"line":25,"column":34},"end":{"line":25,"column":43}},{"start":{"line":25,"column":41},"end":{"line":25,"column":43}}]},"32":{"loc":{"start":{"line":26,"column":34},"end":{"line":26,"column":59}},"type":"cond-expr","locations":[{"start":{"line":26,"column":52},"end":{"line":26,"column":54}},{"start":{"line":26,"column":52},"end":{"line":26,"column":59}}]},"33":{"loc":{"start":{"line":26,"column":34},"end":{"line":26,"column":54}},"type":"binary-expr","locations":[{"start":{"line":26,"column":34},"end":{"line":26,"column":54}},{"start":{"line":26,"column":52},"end":{"line":26,"column":54}}]},"34":{"loc":{"start":{"line":26,"column":34},"end":{"line":26,"column":52}},"type":"cond-expr","locations":[{"start":{"line":26,"column":41},"end":{"line":26,"column":43}},{"start":{"line":26,"column":41},"end":{"line":26,"column":52}}]},"35":{"loc":{"start":{"line":26,"column":34},"end":{"line":26,"column":43}},"type":"binary-expr","locations":[{"start":{"line":26,"column":34},"end":{"line":26,"column":43}},{"start":{"line":26,"column":41},"end":{"line":26,"column":43}}]}},"s":{"0":2,"1":2,"2":2,"3":2,"4":3,"5":3,"6":2,"7":2,"8":1,"9":1,"10":2},"f":{"0":3},"b":{"0":[0,3],"1":[3,3],"2":[0,3],"3":[3,3],"4":[0,3],"5":[3,3],"6":[0,3],"7":[3,3],"8":[0,3],"9":[3,3],"10":[0,3],"11":[3,3],"12":[0,3],"13":[3,3],"14":[0,3],"15":[3,3],"16":[0,3],"17":[3,3],"18":[0,3],"19":[3,3],"20":[0,3],"21":[3,3],"22":[0,3],"23":[3,3],"24":[0,2],"25":[2,2],"26":[0,2],"27":[2,2],"28":[0,2],"29":[2,2],"30":[0,2],"31":[2,2],"32":[0,2],"33":[2,2],"34":[0,2],"35":[2,2]}}
,"/data/sync/sync/src/helpers/withdraw.helper.ts": {"path":"/data/sync/sync/src/helpers/withdraw.helper.ts","statementMap":{"0":{"start":{"line":1,"column":0},"end":{"line":1,"column":50}},"1":{"start":{"line":2,"column":15},"end":{"line":2,"column":38}},"2":{"start":{"line":4,"column":0},"end":{"line":4,"column":42}},"3":{"start":{"line":6,"column":23},"end":{"line":24,"column":1}},"4":{"start":{"line":7,"column":23},"end":{"line":7,"column":48}},"5":{"start":{"line":8,"column":19},"end":{"line":8,"column":44}},"6":{"start":{"line":10,"column":3},"end":{"line":23,"column":4}},"7":{"start":{"line":11,"column":6},"end":{"line":14,"column":8}},"8":{"start":{"line":15,"column":6},"end":{"line":19,"column":8}},"9":{"start":{"line":21,"column":6},"end":{"line":21,"column":37}},"10":{"start":{"line":22,"column":6},"end":{"line":22,"column":22}},"11":{"start":{"line":26,"column":0},"end":{"line":26,"column":30}}},"fnMap":{"0":{"name":"(anonymous_1)","decl":{"start":{"line":6,"column":23},"end":{"line":6,"column":28}},"loc":{"start":{"line":6,"column":43},"end":{"line":24,"column":1}}}},"branchMap":{"0":{"loc":{"start":{"line":7,"column":23},"end":{"line":7,"column":48}},"type":"cond-expr","locations":[{"start":{"line":7,"column":41},"end":{"line":7,"column":43}},{"start":{"line":7,"column":41},"end":{"line":7,"column":48}}]},"1":{"loc":{"start":{"line":7,"column":23},"end":{"line":7,"column":43}},"type":"binary-expr","locations":[{"start":{"line":7,"column":23},"end":{"line":7,"column":43}},{"start":{"line":7,"column":41},"end":{"line":7,"column":43}}]},"2":{"loc":{"start":{"line":7,"column":23},"end":{"line":7,"column":41}},"type":"cond-expr","locations":[{"start":{"line":7,"column":30},"end":{"line":7,"column":32}},{"start":{"line":7,"column":30},"end":{"line":7,"column":41}}]},"3":{"loc":{"start":{"line":7,"column":23},"end":{"line":7,"column":32}},"type":"binary-expr","locations":[{"start":{"line":7,"column":23},"end":{"line":7,"column":32}},{"start":{"line":7,"column":30},"end":{"line":7,"column":32}}]},"4":{"loc":{"start":{"line":8,"column":19},"end":{"line":8,"column":44}},"type":"cond-expr","locations":[{"start":{"line":8,"column":37},"end":{"line":8,"column":39}},{"start":{"line":8,"column":37},"end":{"line":8,"column":44}}]},"5":{"loc":{"start":{"line":8,"column":19},"end":{"line":8,"column":39}},"type":"binary-expr","locations":[{"start":{"line":8,"column":19},"end":{"line":8,"column":39}},{"start":{"line":8,"column":37},"end":{"line":8,"column":39}}]},"6":{"loc":{"start":{"line":8,"column":19},"end":{"line":8,"column":37}},"type":"cond-expr","locations":[{"start":{"line":8,"column":26},"end":{"line":8,"column":28}},{"start":{"line":8,"column":26},"end":{"line":8,"column":37}}]},"7":{"loc":{"start":{"line":8,"column":19},"end":{"line":8,"column":28}},"type":"binary-expr","locations":[{"start":{"line":8,"column":19},"end":{"line":8,"column":28}},{"start":{"line":8,"column":26},"end":{"line":8,"column":28}}]}},"s":{"0":2,"1":2,"2":2,"3":2,"4":5,"5":5,"6":5,"7":5,"8":4,"9":1,"10":1,"11":2},"f":{"0":5},"b":{"0":[0,5],"1":[5,5],"2":[0,5],"3":[5,5],"4":[0,5],"5":[5,5],"6":[0,5],"7":[5,5]}}
,"/data/sync/sync/src/models/Block/index.ts": {"path":"/data/sync/sync/src/models/Block/index.ts","statementMap":{"0":{"start":{"line":1,"column":0},"end":{"line":1,"column":54}},"1":{"start":{"line":11,"column":35},"end":{"line":22,"column":null}},"2":{"start":{"line":25,"column":14},"end":{"line":25,"column":57}},"3":{"start":{"line":27,"column":0},"end":{"line":27,"column":21}}},"fnMap":{},"branchMap":{},"s":{"0":1,"1":1,"2":1,"3":1},"f":{},"b":{}}
,"/data/sync/sync/src/models/Currency/index.ts": {"path":"/data/sync/sync/src/models/Currency/index.ts","statementMap":{"0":{"start":{"line":1,"column":0},"end":{"line":1,"column":54}},"1":{"start":{"line":16,"column":42},"end":{"line":30,"column":null}},"2":{"start":{"line":33,"column":17},"end":{"line":33,"column":70}},"3":{"start":{"line":35,"column":0},"end":{"line":35,"column":24}}},"fnMap":{},"branchMap":{},"s":{"0":1,"1":1,"2":1,"3":1},"f":{},"b":{}}
,"/data/sync/sync/src/models/Events/index.ts": {"path":"/data/sync/sync/src/models/Events/index.ts","statementMap":{"0":{"start":{"line":1,"column":0},"end":{"line":1,"column":54}},"1":{"start":{"line":30,"column":38},"end":{"line":58,"column":null}},"2":{"start":{"line":61,"column":15},"end":{"line":61,"column":62}},"3":{"start":{"line":63,"column":0},"end":{"line":63,"column":22}}},"fnMap":{},"branchMap":{},"s":{"0":6,"1":6,"2":6,"3":6},"f":{},"b":{}}
,"/data/sync/sync/src/models/Order/index.ts": {"path":"/data/sync/sync/src/models/Order/index.ts","statementMap":{"0":{"start":{"line":1,"column":0},"end":{"line":1,"column":54}},"1":{"start":{"line":19,"column":36},"end":{"line":36,"column":null}},"2":{"start":{"line":39,"column":14},"end":{"line":39,"column":58}},"3":{"start":{"line":41,"column":0},"end":{"line":41,"column":21}}},"fnMap":{},"branchMap":{},"s":{"0":5,"1":5,"2":5,"3":5},"f":{},"b":{}}
,"/data/sync/sync/src/responses/const.responses.ts": {"path":"/data/sync/sync/src/responses/const.responses.ts","statementMap":{"0":{"start":{"line":1,"column":0},"end":{"line":16,"column":2}},"1":{"start":{"line":18,"column":0},"end":{"line":91,"column":2}},"2":{"start":{"line":93,"column":0},"end":{"line":97,"column":2}}},"fnMap":{},"branchMap":{},"s":{"0":1,"1":1,"2":1},"f":{},"b":{}}
,"/data/sync/sync/src/responses/response.helper.ts": {"path":"/data/sync/sync/src/responses/response.helper.ts","statementMap":{"0":{"start":{"line":5,"column":6},"end":{"line":5,"column":53}},"1":{"start":{"line":9,"column":6},"end":{"line":11,"column":50}},"2":{"start":{"line":15,"column":0},"end":{"line":15,"column":36}}},"fnMap":{"0":{"name":"(anonymous_0)","decl":{"start":{"line":4,"column":10},"end":{"line":4,"column":17}},"loc":{"start":{"line":4,"column":67},"end":{"line":6,"column":4}}},"1":{"name":"(anonymous_1)","decl":{"start":{"line":8,"column":10},"end":{"line":8,"column":15}},"loc":{"start":{"line":8,"column":65},"end":{"line":12,"column":4}}}},"branchMap":{"0":{"loc":{"start":{"line":4,"column":38},"end":{"line":4,"column":67}},"type":"default-arg","locations":[{"start":{"line":4,"column":65},"end":{"line":4,"column":67}}]},"1":{"loc":{"start":{"line":8,"column":36},"end":{"line":8,"column":65}},"type":"default-arg","locations":[{"start":{"line":8,"column":63},"end":{"line":8,"column":65}}]},"2":{"loc":{"start":{"line":10,"column":17},"end":{"line":10,"column":64}},"type":"cond-expr","locations":[{"start":{"line":10,"column":39},"end":{"line":10,"column":58}},{"start":{"line":10,"column":61},"end":{"line":10,"column":64}}]}},"s":{"0":2,"1":3,"2":1},"f":{"0":2,"1":3},"b":{"0":[1],"1":[1],"2":[1,2]}}
,"/data/sync/sync/src/utils/constant.util.ts": {"path":"/data/sync/sync/src/utils/constant.util.ts","statementMap":{"0":{"start":{"line":1,"column":15},"end":{"line":4,"column":2}},"1":{"start":{"line":84,"column":3},"end":{"line":84,"column":9}},"2":{"start":{"line":6,"column":16},"end":{"line":8,"column":2}},"3":{"start":{"line":85,"column":3},"end":{"line":85,"column":10}},"4":{"start":{"line":11,"column":3},"end":{"line":11,"column":66}},"5":{"start":{"line":86,"column":3},"end":{"line":86,"column":24}},"6":{"start":{"line":13,"column":21},"end":{"line":13,"column":52}},"7":{"start":{"line":80,"column":3},"end":{"line":80,"column":15}},"8":{"start":{"line":15,"column":20},"end":{"line":21,"column":2}},"9":{"start":{"line":81,"column":3},"end":{"line":81,"column":14}},"10":{"start":{"line":22,"column":28},"end":{"line":23,"column":53}},"11":{"start":{"line":23,"column":3},"end":{"line":23,"column":53}},"12":{"start":{"line":82,"column":3},"end":{"line":82,"column":22}},"13":{"start":{"line":24,"column":17},"end":{"line":24,"column":42}},"14":{"start":{"line":83,"column":3},"end":{"line":83,"column":11}},"15":{"start":{"line":26,"column":17},"end":{"line":26,"column":63}},"16":{"start":{"line":26,"column":33},"end":{"line":26,"column":63}},"17":{"start":{"line":87,"column":3},"end":{"line":87,"column":11}},"18":{"start":{"line":28,"column":25},"end":{"line":28,"column":64}},"19":{"start":{"line":88,"column":3},"end":{"line":88,"column":19}},"20":{"start":{"line":30,"column":19},"end":{"line":33,"column":2}},"21":{"start":{"line":89,"column":3},"end":{"line":89,"column":13}},"22":{"start":{"line":35,"column":22},"end":{"line":35,"column":53}},"23":{"start":{"line":90,"column":3},"end":{"line":90,"column":16}},"24":{"start":{"line":37,"column":16},"end":{"line":45,"column":2}},"25":{"start":{"line":91,"column":3},"end":{"line":91,"column":10}},"26":{"start":{"line":47,"column":14},"end":{"line":59,"column":2}},"27":{"start":{"line":92,"column":3},"end":{"line":92,"column":8}},"28":{"start":{"line":61,"column":14},"end":{"line":77,"column":2}},"29":{"start":{"line":93,"column":3},"end":{"line":93,"column":8}}},"fnMap":{"0":{"name":"(anonymous_0)","decl":{"start":{"line":22,"column":28},"end":{"line":22,"column":29}},"loc":{"start":{"line":23,"column":3},"end":{"line":23,"column":53}}},"1":{"name":"(anonymous_1)","decl":{"start":{"line":26,"column":17},"end":{"line":26,"column":18}},"loc":{"start":{"line":26,"column":33},"end":{"line":26,"column":63}}}},"branchMap":{},"s":{"0":27,"1":27,"2":27,"3":27,"4":27,"5":27,"6":27,"7":27,"8":27,"9":27,"10":27,"11":0,"12":27,"13":27,"14":27,"15":27,"16":0,"17":27,"18":27,"19":27,"20":27,"21":27,"22":27,"23":27,"24":27,"25":27,"26":27,"27":27,"28":27,"29":27},"f":{"0":0,"1":0},"b":{}}
,"/data/sync/sync/src/utils/helper.utils.ts": {"path":"/data/sync/sync/src/utils/helper.utils.ts","statementMap":{"0":{"start":{"line":17,"column":3},"end":{"line":19,"column":5}},"1":{"start":{"line":18,"column":6},"end":{"line":18,"column":50}},"2":{"start":{"line":25,"column":3},"end":{"line":27,"column":5}},"3":{"start":{"line":26,"column":6},"end":{"line":26,"column":50}},"4":{"start":{"line":33,"column":3},"end":{"line":35,"column":5}},"5":{"start":{"line":34,"column":6},"end":{"line":34,"column":50}},"6":{"start":{"line":41,"column":3},"end":{"line":43,"column":5}},"7":{"start":{"line":42,"column":6},"end":{"line":42,"column":26}},"8":{"start":{"line":48,"column":3},"end":{"line":50,"column":5}},"9":{"start":{"line":49,"column":6},"end":{"line":49,"column":28}},"10":{"start":{"line":3,"column":10},"end":{"line":3,"column":22}},"11":{"start":{"line":5,"column":10},"end":{"line":5,"column":24}},"12":{"start":{"line":6,"column":6},"end":{"line":9,"column":7}},"13":{"start":{"line":7,"column":9},"end":{"line":7,"column":31}},"14":{"start":{"line":8,"column":9},"end":{"line":8,"column":33}},"15":{"start":{"line":10,"column":6},"end":{"line":10,"column":22}},"16":{"start":{"line":53,"column":13},"end":{"line":53,"column":38}}},"fnMap":{"0":{"name":"(anonymous_0)","decl":{"start":{"line":2,"column":0},"end":{"line":2,"column":6}},"loc":{"start":{"line":2,"column":0},"end":{"line":51,"column":1}}},"1":{"name":"(anonymous_1)","decl":{"start":{"line":17,"column":9},"end":{"line":17,"column":10}},"loc":{"start":{"line":17,"column":25},"end":{"line":19,"column":4}}},"2":{"name":"(anonymous_2)","decl":{"start":{"line":25,"column":11},"end":{"line":25,"column":12}},"loc":{"start":{"line":25,"column":27},"end":{"line":27,"column":4}}},"3":{"name":"(anonymous_3)","decl":{"start":{"line":33,"column":10},"end":{"line":33,"column":11}},"loc":{"start":{"line":33,"column":26},"end":{"line":35,"column":4}}},"4":{"name":"(anonymous_4)","decl":{"start":{"line":41,"column":9},"end":{"line":41,"column":10}},"loc":{"start":{"line":41,"column":25},"end":{"line":43,"column":4}}},"5":{"name":"(anonymous_5)","decl":{"start":{"line":48,"column":11},"end":{"line":48,"column":12}},"loc":{"start":{"line":48,"column":27},"end":{"line":50,"column":4}}},"6":{"name":"(anonymous_6)","decl":{"start":{"line":5,"column":24},"end":{"line":5,"column":27}},"loc":{"start":{"line":5,"column":29},"end":{"line":11,"column":null}}}},"branchMap":{"0":{"loc":{"start":{"line":6,"column":6},"end":{"line":9,"column":7}},"type":"if","locations":[{"start":{"line":6,"column":6},"end":{"line":9,"column":7}}]}},"s":{"0":21,"1":0,"2":21,"3":2,"4":21,"5":20,"6":21,"7":0,"8":21,"9":0,"10":21,"11":21,"12":21,"13":21,"14":21,"15":21,"16":21},"f":{"0":21,"1":0,"2":2,"3":20,"4":0,"5":0,"6":21},"b":{"0":[21]}}
}
