TN:
SF:src/app.ts
FN:28,(anonymous_1)
FN:29,(anonymous_2)
FN:42,(anonymous_3)
FN:46,(anonymous_4)
FN:59,(anonymous_5)
FN:63,(anonymous_6)
FN:64,onError
FN:77,(anonymous_8)
FN:78,(anonymous_9)
FN:83,(anonymous_10)
FN:84,(anonymous_11)
FN:89,(anonymous_12)
FN:93,(anonymous_13)
FN:96,(anonymous_14)
FN:100,(anonymous_15)
FN:109,(anonymous_16)
FNF:16
FNH:14
FNDA:2,(anonymous_1)
FNDA:2,(anonymous_2)
FNDA:1,(anonymous_3)
FNDA:1,(anonymous_4)
FNDA:2,(anonymous_5)
FNDA:2,(anonymous_6)
FNDA:0,onError
FNDA:2,(anonymous_8)
FNDA:1,(anonymous_9)
FNDA:3,(anonymous_10)
FNDA:0,(anonymous_11)
FNDA:2,(anonymous_12)
FNDA:2,(anonymous_13)
FNDA:2,(anonymous_14)
FNDA:2,(anonymous_15)
FNDA:1,(anonymous_16)
DA:1,1
DA:2,1
DA:3,1
DA:4,1
DA:5,1
DA:8,1
DA:9,1
DA:10,1
DA:11,1
DA:12,1
DA:22,1
DA:29,2
DA:30,2
DA:31,2
DA:32,2
DA:33,2
DA:34,2
DA:35,2
DA:36,2
DA:37,2
DA:38,2
DA:43,1
DA:44,1
DA:47,1
DA:54,1
DA:55,1
DA:56,1
DA:60,2
DA:64,2
DA:70,0
DA:71,0
DA:73,2
DA:74,2
DA:78,2
DA:79,1
DA:84,3
DA:85,0
DA:90,2
DA:94,2
DA:97,2
DA:101,2
DA:111,1
DA:112,1
DA:113,1
DA:114,1
DA:117,1
LF:46
LH:43
BRDA:45,0,0,1
BRDA:45,0,1,0
BRDA:49,1,0,1
BRDA:49,1,1,0
BRDA:56,2,0,1
BRF:5
BRH:3
end_of_record
TN:
SF:src/connection.ts
FN:2,(anonymous_6)
FNF:1
FNH:1
FNDA:22,(anonymous_6)
DA:1,22
DA:2,22
DA:3,22
LF:3
LH:3
BRF:0
BRH:0
end_of_record
TN:
SF:src/instrument.ts
FNF:0
FNH:0
DA:2,1
DA:3,1
DA:5,1
LF:3
LH:3
BRF:0
BRH:0
end_of_record
TN:
SF:src/logger.ts
FN:17,(anonymous_6)
FN:42,(anonymous_7)
FNF:2
FNH:1
FNDA:4,(anonymous_6)
FNDA:0,(anonymous_7)
DA:2,4
DA:4,4
DA:17,4
DA:18,4
DA:19,4
DA:20,4
DA:23,4
DA:31,4
DA:38,4
DA:42,0
DA:46,4
DA:55,4
DA:62,4
LF:13
LH:12
BRDA:18,0,0,4
BRDA:18,0,1,0
BRDA:20,1,0,0
BRDA:20,1,1,4
BRF:4
BRH:2
end_of_record
TN:
SF:src/common/chain.common.ts
FN:19,(anonymous_0)
FN:25,(anonymous_1)
FNF:2
FNH:2
FNDA:7,(anonymous_0)
FNDA:4,(anonymous_1)
DA:3,1
DA:4,1
DA:10,1
DA:19,1
DA:20,7
DA:21,5
DA:22,4
DA:25,1
DA:26,4
LF:9
LH:9
BRDA:20,0,0,2
BRDA:20,0,1,5
BRDA:20,1,0,7
BRDA:20,1,1,6
BRDA:21,2,0,1
BRDA:21,2,1,4
BRDA:22,3,0,1
BRDA:22,3,1,3
BRDA:26,4,0,1
BRDA:26,4,1,3
BRF:10
BRH:10
end_of_record
TN:
SF:src/config/index.ts
FN:4,initiate
FN:5,(anonymous_1)
FNF:2
FNH:2
FNDA:22,initiate
FNDA:22,(anonymous_1)
DA:1,22
DA:2,22
DA:4,22
DA:5,22
DA:6,22
DA:7,22
LF:6
LH:6
BRF:0
BRH:0
end_of_record
TN:
SF:src/config/morganMiddleware.ts
FN:18,(anonymous_1)
FNF:1
FNH:1
FNDA:2,(anonymous_1)
DA:1,2
DA:3,2
DA:5,2
DA:18,2
DA:19,2
DA:20,2
DA:24,2
DA:35,2
LF:8
LH:8
BRDA:19,0,0,2
BRDA:19,0,1,0
BRF:2
BRH:1
end_of_record
TN:
SF:src/contracts/contract.abi.ts
FNF:0
FNH:0
DA:1,2
DA:668,2
LF:2
LH:2
BRF:0
BRH:0
end_of_record
TN:
SF:src/helpers/block.helper.ts
FN:1,(anonymous_0)
FN:2,(anonymous_1)
FN:4,(anonymous_2)
FNF:3
FNH:3
FNDA:1,(anonymous_0)
FNDA:4,(anonymous_1)
FNDA:4,(anonymous_2)
DA:2,1
DA:3,4
DA:4,4
DA:5,4
DA:8,3
DA:20,2
DA:21,1
DA:23,1
DA:26,2
DA:31,1
LF:10
LH:10
BRDA:5,0,0,1
BRDA:20,1,0,1
BRDA:20,1,1,1
BRDA:20,2,0,2
BRDA:20,2,1,2
BRF:5
BRH:5
end_of_record
TN:
SF:src/helpers/claim.helper.ts
FN:6,(anonymous_1)
FNF:1
FNH:1
FNDA:6,(anonymous_1)
DA:1,2
DA:2,2
DA:3,2
DA:4,2
DA:6,2
DA:7,6
DA:8,6
DA:9,6
DA:10,6
DA:11,6
DA:13,6
DA:14,6
DA:18,4
DA:19,4
DA:25,2
DA:26,2
DA:30,2
LF:17
LH:17
BRDA:7,0,0,0
BRDA:7,0,1,6
BRDA:7,1,0,6
BRDA:7,1,1,6
BRDA:7,2,0,0
BRDA:7,2,1,6
BRDA:7,3,0,6
BRDA:7,3,1,6
BRDA:8,4,0,0
BRDA:8,4,1,6
BRDA:8,5,0,6
BRDA:8,5,1,6
BRDA:8,6,0,0
BRDA:8,6,1,6
BRDA:8,7,0,6
BRDA:8,7,1,6
BRDA:9,8,0,0
BRDA:9,8,1,6
BRDA:9,9,0,6
BRDA:9,9,1,6
BRDA:9,10,0,0
BRDA:9,10,1,6
BRDA:9,11,0,6
BRDA:9,11,1,6
BRDA:10,12,0,0
BRDA:10,12,1,6
BRDA:10,13,0,6
BRDA:10,13,1,6
BRDA:10,14,0,0
BRDA:10,14,1,6
BRDA:10,15,0,6
BRDA:10,15,1,6
BRDA:11,16,0,5
BRDA:11,16,1,1
BRDA:11,17,0,0
BRDA:11,17,1,6
BRDA:11,18,0,6
BRDA:11,18,1,6
BRDA:11,19,0,0
BRDA:11,19,1,6
BRDA:11,20,0,6
BRDA:11,20,1,6
BRF:42
BRH:32
end_of_record
TN:
SF:src/helpers/commom.helper.ts
FN:1,(anonymous_0)
FN:4,(anonymous_1)
FNF:2
FNH:2
FNDA:5,(anonymous_0)
FNDA:15,(anonymous_1)
DA:1,4
DA:2,5
DA:4,15
DA:7,5
DA:8,5
DA:9,5
DA:10,5
DA:11,5
DA:14,5
DA:15,5
DA:18,4
LF:11
LH:11
BRF:0
BRH:0
end_of_record
TN:
SF:src/helpers/consumer.helper.ts
FN:10,(anonymous_1)
FN:63,(anonymous_2)
FN:77,(anonymous_3)
FN:91,(anonymous_4)
FNF:4
FNH:3
FNDA:2,(anonymous_1)
FNDA:2,(anonymous_2)
FNDA:2,(anonymous_3)
FNDA:0,(anonymous_4)
DA:1,1
DA:2,1
DA:3,1
DA:4,1
DA:5,1
DA:6,1
DA:7,1
DA:8,1
DA:10,1
DA:11,2
DA:12,2
DA:13,1
DA:14,1
DA:15,1
DA:20,1
DA:25,1
DA:28,1
DA:29,1
DA:39,1
DA:45,1
DA:47,1
DA:56,1
DA:58,1
DA:59,1
DA:60,1
DA:63,1
DA:64,2
DA:65,2
DA:66,1
DA:67,1
DA:70,1
DA:72,1
DA:73,1
DA:74,1
DA:77,1
DA:78,2
DA:79,2
DA:80,1
DA:81,1
DA:84,1
DA:86,1
DA:87,1
DA:88,1
DA:91,1
DA:92,0
DA:93,0
DA:94,0
DA:95,0
DA:98,0
DA:100,0
DA:101,0
DA:102,0
DA:105,1
LF:53
LH:45
BRF:0
BRH:0
end_of_record
TN:
SF:src/helpers/event.helper.ts
FN:7,(anonymous_1)
FNF:1
FNH:1
FNDA:1,(anonymous_1)
DA:1,2
DA:2,2
DA:3,2
DA:4,2
DA:5,2
DA:7,2
DA:8,1
DA:9,1
DA:12,0
DA:35,0
DA:36,0
DA:37,0
DA:42,0
DA:44,1
DA:45,1
DA:49,2
LF:16
LH:11
BRDA:10,0,0,0
BRDA:10,0,1,1
BRDA:10,1,0,1
BRDA:10,1,1,1
BRDA:10,2,0,0
BRDA:10,2,1,1
BRDA:10,3,0,1
BRDA:10,3,1,1
BRDA:13,4,0,0
BRDA:13,4,1,0
BRDA:13,5,0,0
BRDA:13,5,1,0
BRDA:13,6,0,0
BRDA:13,6,1,0
BRDA:13,7,0,0
BRDA:13,7,1,0
BRDA:14,8,0,0
BRDA:14,8,1,0
BRDA:14,9,0,0
BRDA:14,9,1,0
BRDA:14,10,0,0
BRDA:14,10,1,0
BRDA:14,11,0,0
BRDA:14,11,1,0
BRDA:16,12,0,0
BRDA:16,12,1,0
BRDA:16,13,0,0
BRDA:16,13,1,0
BRDA:16,14,0,0
BRDA:16,14,1,0
BRDA:16,15,0,0
BRDA:16,15,1,0
BRDA:17,16,0,0
BRDA:17,16,1,0
BRDA:17,17,0,0
BRDA:17,17,1,0
BRDA:17,18,0,0
BRDA:17,18,1,0
BRDA:17,19,0,0
BRDA:17,19,1,0
BRDA:18,20,0,0
BRDA:18,20,1,0
BRDA:18,21,0,0
BRDA:18,21,1,0
BRDA:18,22,0,0
BRDA:18,22,1,0
BRDA:18,23,0,0
BRDA:18,23,1,0
BRDA:19,24,0,0
BRDA:19,24,1,0
BRDA:19,25,0,0
BRDA:19,25,1,0
BRDA:19,26,0,0
BRDA:19,26,1,0
BRDA:19,27,0,0
BRDA:19,27,1,0
BRDA:20,28,0,0
BRDA:20,28,1,0
BRDA:20,29,0,0
BRDA:20,29,1,0
BRDA:20,30,0,0
BRDA:20,30,1,0
BRDA:20,31,0,0
BRDA:20,31,1,0
BRDA:21,32,0,0
BRDA:21,32,1,0
BRDA:21,33,0,0
BRDA:21,33,1,0
BRDA:21,34,0,0
BRDA:21,34,1,0
BRDA:21,35,0,0
BRDA:21,35,1,0
BRDA:29,36,0,0
BRDA:29,36,1,0
BRDA:29,37,0,0
BRDA:29,37,1,0
BRDA:29,38,0,0
BRDA:29,38,1,0
BRDA:29,39,0,0
BRDA:29,39,1,0
BRDA:32,40,0,0
BRDA:32,40,1,0
BRDA:32,41,0,0
BRDA:32,41,1,0
BRDA:32,42,0,0
BRDA:32,42,1,0
BRDA:32,43,0,0
BRDA:32,43,1,0
BRDA:39,44,0,0
BRDA:39,44,1,0
BRDA:39,45,0,0
BRDA:39,45,1,0
BRDA:39,46,0,0
BRDA:39,46,1,0
BRDA:39,47,0,0
BRDA:39,47,1,0
BRF:96
BRH:6
end_of_record
TN:
SF:src/helpers/order.helper.ts
FN:5,(anonymous_1)
FNF:1
FNH:1
FNDA:3,(anonymous_1)
DA:1,2
DA:2,2
DA:3,2
DA:5,2
DA:6,3
DA:7,3
DA:8,3
DA:9,3
DA:20,3
DA:21,3
DA:22,2
DA:24,1
DA:25,1
DA:29,2
LF:14
LH:14
BRDA:6,0,0,2
BRDA:6,0,1,1
BRDA:6,1,0,0
BRDA:6,1,1,3
BRDA:6,2,0,3
BRDA:6,2,1,3
BRDA:6,3,0,0
BRDA:6,3,1,3
BRDA:6,4,0,3
BRDA:6,4,1,3
BRDA:7,5,0,2
BRDA:7,5,1,1
BRDA:7,6,0,0
BRDA:7,6,1,3
BRDA:7,7,0,3
BRDA:7,7,1,3
BRDA:7,8,0,0
BRDA:7,8,1,3
BRDA:7,9,0,3
BRDA:7,9,1,3
BRDA:11,10,0,0
BRDA:11,10,1,3
BRDA:11,11,0,3
BRDA:11,11,1,3
BRDA:11,12,0,0
BRDA:11,12,1,3
BRDA:11,13,0,3
BRDA:11,13,1,3
BRDA:12,14,0,0
BRDA:12,14,1,3
BRDA:12,15,0,3
BRDA:12,15,1,3
BRDA:12,16,0,0
BRDA:12,16,1,3
BRDA:12,17,0,3
BRDA:12,17,1,3
BRDA:14,18,0,0
BRDA:14,18,1,3
BRDA:14,19,0,3
BRDA:14,19,1,3
BRDA:14,20,0,0
BRDA:14,20,1,3
BRDA:14,21,0,3
BRDA:14,21,1,3
BRDA:15,22,0,0
BRDA:15,22,1,3
BRDA:15,23,0,3
BRDA:15,23,1,3
BRDA:15,24,0,0
BRDA:15,24,1,3
BRDA:15,25,0,3
BRDA:15,25,1,3
BRF:52
BRH:40
end_of_record
TN:
SF:src/helpers/result.helper.ts
FN:5,(anonymous_1)
FNF:1
FNH:1
FNDA:3,(anonymous_1)
DA:1,2
DA:2,2
DA:3,2
DA:5,2
DA:6,3
DA:7,3
DA:8,3
DA:9,3
DA:13,2
DA:18,2
DA:20,1
DA:21,1
DA:25,2
LF:13
LH:13
BRDA:6,0,0,0
BRDA:6,0,1,3
BRDA:6,1,0,3
BRDA:6,1,1,3
BRDA:6,2,0,0
BRDA:6,2,1,3
BRDA:6,3,0,3
BRDA:6,3,1,3
BRDA:7,4,0,3
BRDA:7,4,1,0
BRDA:7,5,0,0
BRDA:7,5,1,3
BRDA:7,6,0,3
BRDA:7,6,1,3
BRDA:7,7,0,0
BRDA:7,7,1,3
BRDA:7,8,0,3
BRDA:7,8,1,3
BRF:18
BRH:13
end_of_record
TN:
SF:src/helpers/saveUpdateBetClosure.helper.ts
FN:5,(anonymous_1)
FNF:1
FNH:1
FNDA:1,(anonymous_1)
DA:1,2
DA:2,2
DA:3,2
DA:5,2
DA:6,1
DA:7,1
DA:17,0
DA:23,0
DA:25,1
DA:26,1
DA:30,2
LF:11
LH:9
BRDA:8,0,0,0
BRDA:8,0,1,1
BRDA:8,1,0,1
BRDA:8,1,1,1
BRDA:8,2,0,0
BRDA:8,2,1,1
BRDA:8,3,0,1
BRDA:8,3,1,1
BRDA:10,4,0,0
BRDA:10,4,1,1
BRDA:10,5,0,1
BRDA:10,5,1,1
BRDA:10,6,0,0
BRDA:10,6,1,1
BRDA:10,7,0,1
BRDA:10,7,1,1
BRDA:12,8,0,0
BRDA:12,8,1,1
BRDA:12,9,0,1
BRDA:12,9,1,1
BRDA:12,10,0,0
BRDA:12,10,1,1
BRDA:12,11,0,1
BRDA:12,11,1,1
BRDA:19,12,0,0
BRDA:19,12,1,0
BRDA:19,13,0,0
BRDA:19,13,1,0
BRDA:19,14,0,0
BRDA:19,14,1,0
BRDA:19,15,0,0
BRDA:19,15,1,0
BRDA:20,16,0,0
BRDA:20,16,1,0
BRDA:20,17,0,0
BRDA:20,17,1,0
BRDA:20,18,0,0
BRDA:20,18,1,0
BRDA:20,19,0,0
BRDA:20,19,1,0
BRF:40
BRH:18
end_of_record
TN:
SF:src/helpers/socket.helper.ts
FN:8,(anonymous_0)
FN:13,(anonymous_1)
FN:15,(anonymous_2)
FN:18,(anonymous_3)
FNF:4
FNH:4
FNDA:3,(anonymous_0)
FNDA:3,(anonymous_1)
FNDA:1,(anonymous_2)
FNDA:1,(anonymous_3)
DA:1,2
DA:3,2
DA:9,3
DA:10,3
DA:14,3
DA:16,1
DA:19,1
DA:24,2
LF:8
LH:8
BRF:0
BRH:0
end_of_record
TN:
SF:src/helpers/socketEvent.helper.ts
FN:2,(anonymous_0)
FNF:1
FNH:1
FNDA:2,(anonymous_0)
DA:3,2
DA:4,2
DA:8,1
LF:3
LH:3
BRF:0
BRH:0
end_of_record
TN:
SF:src/helpers/updateExpireTime.helper.ts
FN:5,(anonymous_1)
FNF:1
FNH:1
FNDA:3,(anonymous_1)
DA:1,2
DA:2,2
DA:3,2
DA:5,2
DA:6,3
DA:7,3
DA:22,2
DA:29,2
DA:31,1
DA:32,1
DA:36,2
LF:11
LH:11
BRDA:8,0,0,0
BRDA:8,0,1,3
BRDA:8,1,0,3
BRDA:8,1,1,3
BRDA:8,2,0,0
BRDA:8,2,1,3
BRDA:8,3,0,3
BRDA:8,3,1,3
BRDA:10,4,0,0
BRDA:10,4,1,3
BRDA:10,5,0,3
BRDA:10,5,1,3
BRDA:10,6,0,0
BRDA:10,6,1,3
BRDA:10,7,0,3
BRDA:10,7,1,3
BRDA:11,8,0,0
BRDA:11,8,1,3
BRDA:11,9,0,3
BRDA:11,9,1,3
BRDA:11,10,0,0
BRDA:11,10,1,3
BRDA:11,11,0,3
BRDA:11,11,1,3
BRDA:13,12,0,0
BRDA:13,12,1,3
BRDA:13,13,0,3
BRDA:13,13,1,3
BRDA:13,14,0,0
BRDA:13,14,1,3
BRDA:13,15,0,3
BRDA:13,15,1,3
BRDA:16,16,0,0
BRDA:16,16,1,3
BRDA:16,17,0,3
BRDA:16,17,1,3
BRDA:16,18,0,0
BRDA:16,18,1,3
BRDA:16,19,0,3
BRDA:16,19,1,3
BRDA:18,20,0,0
BRDA:18,20,1,3
BRDA:18,21,0,3
BRDA:18,21,1,3
BRDA:18,22,0,0
BRDA:18,22,1,3
BRDA:18,23,0,3
BRDA:18,23,1,3
BRDA:24,24,0,0
BRDA:24,24,1,2
BRDA:24,25,0,2
BRDA:24,25,1,2
BRDA:24,26,0,0
BRDA:24,26,1,2
BRDA:24,27,0,2
BRDA:24,27,1,2
BRDA:25,28,0,0
BRDA:25,28,1,2
BRDA:25,29,0,2
BRDA:25,29,1,2
BRDA:25,30,0,0
BRDA:25,30,1,2
BRDA:25,31,0,2
BRDA:25,31,1,2
BRDA:26,32,0,0
BRDA:26,32,1,2
BRDA:26,33,0,2
BRDA:26,33,1,2
BRDA:26,34,0,0
BRDA:26,34,1,2
BRDA:26,35,0,2
BRDA:26,35,1,2
BRF:72
BRH:54
end_of_record
TN:
SF:src/helpers/withdraw.helper.ts
FN:6,(anonymous_1)
FNF:1
FNH:1
FNDA:5,(anonymous_1)
DA:1,2
DA:2,2
DA:4,2
DA:6,2
DA:7,5
DA:8,5
DA:10,5
DA:11,5
DA:15,4
DA:21,1
DA:22,1
DA:26,2
LF:12
LH:12
BRDA:7,0,0,0
BRDA:7,0,1,5
BRDA:7,1,0,5
BRDA:7,1,1,5
BRDA:7,2,0,0
BRDA:7,2,1,5
BRDA:7,3,0,5
BRDA:7,3,1,5
BRDA:8,4,0,0
BRDA:8,4,1,5
BRDA:8,5,0,5
BRDA:8,5,1,5
BRDA:8,6,0,0
BRDA:8,6,1,5
BRDA:8,7,0,5
BRDA:8,7,1,5
BRF:16
BRH:12
end_of_record
TN:
SF:src/models/Block/index.ts
FNF:0
FNH:0
DA:1,1
DA:11,1
DA:25,1
DA:27,1
LF:4
LH:4
BRF:0
BRH:0
end_of_record
TN:
SF:src/models/Currency/index.ts
FNF:0
FNH:0
DA:1,1
DA:16,1
DA:33,1
DA:35,1
LF:4
LH:4
BRF:0
BRH:0
end_of_record
TN:
SF:src/models/Events/index.ts
FNF:0
FNH:0
DA:1,6
DA:30,6
DA:61,6
DA:63,6
LF:4
LH:4
BRF:0
BRH:0
end_of_record
TN:
SF:src/models/Order/index.ts
FNF:0
FNH:0
DA:1,5
DA:19,5
DA:39,5
DA:41,5
LF:4
LH:4
BRF:0
BRH:0
end_of_record
TN:
SF:src/responses/const.responses.ts
FNF:0
FNH:0
DA:1,1
DA:18,1
DA:93,1
LF:3
LH:3
BRF:0
BRH:0
end_of_record
TN:
SF:src/responses/response.helper.ts
FN:4,(anonymous_0)
FN:8,(anonymous_1)
FNF:2
FNH:2
FNDA:2,(anonymous_0)
FNDA:3,(anonymous_1)
DA:5,2
DA:9,3
DA:15,1
LF:3
LH:3
BRDA:4,0,0,1
BRDA:8,1,0,1
BRDA:10,2,0,1
BRDA:10,2,1,2
BRF:4
BRH:4
end_of_record
TN:
SF:src/utils/constant.util.ts
FN:22,(anonymous_0)
FN:26,(anonymous_1)
FNF:2
FNH:0
FNDA:0,(anonymous_0)
FNDA:0,(anonymous_1)
DA:1,27
DA:6,27
DA:11,27
DA:13,27
DA:15,27
DA:22,27
DA:23,0
DA:24,27
DA:26,27
DA:28,27
DA:30,27
DA:35,27
DA:37,27
DA:47,27
DA:61,27
DA:80,27
DA:81,27
DA:82,27
DA:83,27
DA:84,27
DA:85,27
DA:86,27
DA:87,27
DA:88,27
DA:89,27
DA:90,27
DA:91,27
DA:92,27
DA:93,27
LF:29
LH:28
BRF:0
BRH:0
end_of_record
TN:
SF:src/utils/helper.utils.ts
FN:2,(anonymous_0)
FN:17,(anonymous_1)
FN:25,(anonymous_2)
FN:33,(anonymous_3)
FN:41,(anonymous_4)
FN:48,(anonymous_5)
FN:5,(anonymous_6)
FNF:7
FNH:4
FNDA:21,(anonymous_0)
FNDA:0,(anonymous_1)
FNDA:2,(anonymous_2)
FNDA:20,(anonymous_3)
FNDA:0,(anonymous_4)
FNDA:0,(anonymous_5)
FNDA:21,(anonymous_6)
DA:3,21
DA:5,21
DA:6,21
DA:7,21
DA:8,21
DA:10,21
DA:17,21
DA:18,0
DA:25,21
DA:26,2
DA:33,21
DA:34,20
DA:41,21
DA:42,0
DA:48,21
DA:49,0
DA:53,21
LF:17
LH:14
BRDA:6,0,0,21
BRF:1
BRH:1
end_of_record
